#
# There is insufficient memory for the Java Runtime Environment to continue.
# Native memory allocation (malloc) failed to allocate 359936 bytes. Error detail: Chunk::new
# Possible reasons:
#   The system is out of physical RAM or swap space
#   This process is running with CompressedOops enabled, and the Java Heap may be blocking the growth of the native heap
# Possible solutions:
#   Reduce memory load on the system
#   Increase physical memory or swap space
#   Check if swap backing store is full
#   Decrease Java heap size (-Xmx/-Xms)
#   Decrease number of Java threads
#   Decrease Java thread stack sizes (-Xss)
#   Set larger code cache with -XX:ReservedCodeCacheSize=
#   JVM is running with Unscaled Compressed Oops mode in which the Java heap is
#     placed in the first 4GB address space. The Java Heap base address is the
#     maximum limit for the native heap growth. Please use -XX:HeapBaseMinAddress
#     to set the Java Heap base and to place the Java Heap above 4GB virtual address.
# This output file may be truncated or incomplete.
#
#  Out of Memory Error (arena.cpp:191), pid=13480, tid=9584
#
# JRE version: OpenJDK Runtime Environment Temurin-17.0.15+6 (17.0.15+6) (build 17.0.15+6)
# Java VM: OpenJDK 64-Bit Server VM Temurin-17.0.15+6 (17.0.15+6, mixed mode, sharing, tiered, compressed oops, compressed class ptrs, g1 gc, windows-amd64)
# No core dump will be written. Minidumps are not enabled by default on client versions of Windows
#

---------------  S U M M A R Y ------------

Command Line: -javaagent:C:\Program Files\JetBrains\IntelliJ IDEA Community Edition 2024.1.4\lib\idea_rt.jar=65289:C:\Program Files\JetBrains\IntelliJ IDEA Community Edition 2024.1.4\bin -Dfile.encoding=UTF-8 com.example.PFE.PfeApplication

Host: Intel(R) Core(TM) i3-7020U CPU @ 2.30GHz, 4 cores, 3G,  Windows 10 , 64 bit Build 19041 (10.0.19041.5915)
Time: Fri Apr 17 18:47:19 2026 W. Central Africa Standard Time elapsed time: 1870.074145 seconds (0d 0h 31m 10s)

---------------  T H R E A D  ---------------

Current thread (0x0000017cea186010):  JavaThread "C2 CompilerThread0" daemon [_thread_in_native, id=9584, stack(0x0000002d29900000,0x0000002d29a00000)]


Current CompileTask:
C2:1870075 9975       4       sun.nio.ch.NioSocketImpl$1::read (11 bytes)

Stack: [0x0000002d29900000,0x0000002d29a00000]
Native frames: (J=compiled Java code, j=interpreted, Vv=VM code, C=native code)
V  [jvm.dll+0x682fc9]
V  [jvm.dll+0x839878]
V  [jvm.dll+0x83b323]
V  [jvm.dll+0x83b993]
V  [jvm.dll+0x24725f]
V  [jvm.dll+0xacea4]
V  [jvm.dll+0xad53c]
V  [jvm.dll+0x365c6e]
V  [jvm.dll+0x32fe58]
V  [jvm.dll+0x32f2da]
V  [jvm.dll+0x21824f]
V  [jvm.dll+0x21768f]
V  [jvm.dll+0x1a31b0]
V  [jvm.dll+0x227a9c]
V  [jvm.dll+0x225bfb]
V  [jvm.dll+0x7ef018]
V  [jvm.dll+0x7e94dc]
V  [jvm.dll+0x681ea7]
C  [ucrtbase.dll+0x21bb2]
C  [KERNEL32.DLL+0x17374]
C  [ntdll.dll+0x4cc91]


---------------  P R O C E S S  ---------------

Threads class SMR info:
_java_thread_list=0x0000017cf3761040, length=49, elements={
0x0000017cea16a510, 0x0000017cea16b390, 0x0000017cea17f3b0, 0x0000017cea180f80,
0x0000017cea183950, 0x0000017cea184310, 0x0000017cea186010, 0x0000017cea1f52e0,
0x0000017cea1f7900, 0x0000017cea3900e0, 0x0000017cea73ea80, 0x0000017cea477ad0,
0x0000017cf3333ad0, 0x0000017cf1739ed0, 0x0000017cf1e8f660, 0x0000017cf1e8e730,
0x0000017cf1e8ec40, 0x0000017cf3ffb180, 0x0000017cf3ffa760, 0x0000017cf3ff5b70,
0x0000017cf3ff6aa0, 0x0000017cf3ff9320, 0x0000017cf3ff74c0, 0x0000017cf3ff9d40,
0x0000017cf3ff9830, 0x0000017cf3ff7ee0, 0x0000017cf3ffc5c0, 0x0000017cf3ffac70,
0x0000017cf3ffb690, 0x0000017cf3ffbba0, 0x0000017cf3ffc0b0, 0x0000017cf3ff6590,
0x0000017cf3ffa250, 0x0000017cf3ffcad0, 0x0000017cf3ff5660, 0x0000017cf3ffcfe0,
0x0000017cf3ff6080, 0x0000017cf3ff6fb0, 0x0000017cf3ff79d0, 0x0000017cf3ff83f0,
0x0000017cf3ff8900, 0x0000017cf3ff8e10, 0x0000017cf061f3e0, 0x0000017cf061fe00,
0x0000017cf061da90, 0x0000017cf0623fd0, 0x0000017cf0620310, 0x0000017cf06235b0,
0x0000017cf0620d30
}

Java Threads: ( => current thread )
  0x0000017cea16a510 JavaThread "Reference Handler" daemon [_thread_blocked, id=7792, stack(0x0000002d29300000,0x0000002d29400000)]
  0x0000017cea16b390 JavaThread "Finalizer" daemon [_thread_blocked, id=8376, stack(0x0000002d29400000,0x0000002d29500000)]
  0x0000017cea17f3b0 JavaThread "Signal Dispatcher" daemon [_thread_blocked, id=12188, stack(0x0000002d29500000,0x0000002d29600000)]
  0x0000017cea180f80 JavaThread "Attach Listener" daemon [_thread_blocked, id=7612, stack(0x0000002d29600000,0x0000002d29700000)]
  0x0000017cea183950 JavaThread "Service Thread" daemon [_thread_blocked, id=13428, stack(0x0000002d29700000,0x0000002d29800000)]
  0x0000017cea184310 JavaThread "Monitor Deflation Thread" daemon [_thread_blocked, id=10124, stack(0x0000002d29800000,0x0000002d29900000)]
=>0x0000017cea186010 JavaThread "C2 CompilerThread0" daemon [_thread_in_native, id=9584, stack(0x0000002d29900000,0x0000002d29a00000)]
  0x0000017cea1f52e0 JavaThread "C1 CompilerThread0" daemon [_thread_blocked, id=10096, stack(0x0000002d29a00000,0x0000002d29b00000)]
  0x0000017cea1f7900 JavaThread "Sweeper thread" daemon [_thread_blocked, id=11652, stack(0x0000002d29b00000,0x0000002d29c00000)]
  0x0000017cea3900e0 JavaThread "Common-Cleaner" daemon [_thread_blocked, id=5008, stack(0x0000002d29c00000,0x0000002d29d00000)]
  0x0000017cea73ea80 JavaThread "Monitor Ctrl-Break" daemon [_thread_in_native, id=11356, stack(0x0000002d29d00000,0x0000002d29e00000)]
  0x0000017cea477ad0 JavaThread "Notification Thread" daemon [_thread_blocked, id=8292, stack(0x0000002d29e00000,0x0000002d29f00000)]
  0x0000017cf3333ad0 JavaThread "Thread-1" daemon [_thread_in_native, id=6092, stack(0x0000002d2a400000,0x0000002d2a500000)]
  0x0000017cf1739ed0 JavaThread "BufferPoolPruner-1-thread-1" daemon [_thread_blocked, id=6472, stack(0x0000002d2a500000,0x0000002d2a600000)]
  0x0000017cf1e8f660 JavaThread "cluster-ClusterId{value='69e26aee25102d47e8b419e6', description='null'}-ac-8qbsjpt-shard-00-00.k6fpuci.mongodb.net:27017" daemon [_thread_in_native, id=8036, stack(0x0000002d2a700000,0x0000002d2a800000)]
  0x0000017cf1e8e730 JavaThread "cluster-ClusterId{value='69e26aee25102d47e8b419e6', description='null'}-ac-8qbsjpt-shard-00-02.k6fpuci.mongodb.net:27017" daemon [_thread_in_native, id=7448, stack(0x0000002d2a800000,0x0000002d2a900000)]
  0x0000017cf1e8ec40 JavaThread "cluster-ClusterId{value='69e26aee25102d47e8b419e6', description='null'}-ac-8qbsjpt-shard-00-01.k6fpuci.mongodb.net:27017" daemon [_thread_in_native, id=9340, stack(0x0000002d2a900000,0x0000002d2aa00000)]
  0x0000017cf3ffb180 JavaThread "cluster-rtt-ClusterId{value='69e26aee25102d47e8b419e6', description='null'}-ac-8qbsjpt-shard-00-00.k6fpuci.mongodb.net:27017" daemon [_thread_blocked, id=12352, stack(0x0000002d2ab00000,0x0000002d2ac00000)]
  0x0000017cf3ffa760 JavaThread "cluster-rtt-ClusterId{value='69e26aee25102d47e8b419e6', description='null'}-ac-8qbsjpt-shard-00-02.k6fpuci.mongodb.net:27017" daemon [_thread_blocked, id=11760, stack(0x0000002d2ac00000,0x0000002d2ad00000)]
  0x0000017cf3ff5b70 JavaThread "cluster-rtt-ClusterId{value='69e26aee25102d47e8b419e6', description='null'}-ac-8qbsjpt-shard-00-01.k6fpuci.mongodb.net:27017" daemon [_thread_blocked, id=4712, stack(0x0000002d2ad00000,0x0000002d2ae00000)]
  0x0000017cf3ff6aa0 JavaThread "MaintenanceTimer-3-thread-1" daemon [_thread_blocked, id=10952, stack(0x0000002d2ae00000,0x0000002d2af00000)]
  0x0000017cf3ff9320 JavaThread "MaintenanceTimer-2-thread-1" daemon [_thread_blocked, id=7392, stack(0x0000002d2af00000,0x0000002d2b000000)]
  0x0000017cf3ff74c0 JavaThread "MaintenanceTimer-4-thread-1" daemon [_thread_blocked, id=10208, stack(0x0000002d2b000000,0x0000002d2b100000)]
  0x0000017cf3ff9d40 JavaThread "Catalina-utility-1" [_thread_blocked, id=8136, stack(0x0000002d2b100000,0x0000002d2b200000)]
  0x0000017cf3ff9830 JavaThread "Catalina-utility-2" [_thread_blocked, id=2224, stack(0x0000002d2b200000,0x0000002d2b300000)]
  0x0000017cf3ff7ee0 JavaThread "container-0" [_thread_blocked, id=11352, stack(0x0000002d2b300000,0x0000002d2b400000)]
  0x0000017cf3ffc5c0 JavaThread "MQTT Rec: spring-water-monitor-water" [_thread_in_native, id=6116, stack(0x0000002d2b500000,0x0000002d2b600000)]
  0x0000017cf3ffac70 JavaThread "MQTT Snd: spring-water-monitor-water" [_thread_blocked, id=4324, stack(0x0000002d2b600000,0x0000002d2b700000)]
  0x0000017cf3ffb690 JavaThread "MQTT Call: spring-water-monitor-water" [_thread_blocked, id=6260, stack(0x0000002d2b700000,0x0000002d2b800000)]
  0x0000017cf3ffbba0 JavaThread "MQTT Ping: spring-water-monitor-water" [_thread_blocked, id=1396, stack(0x0000002d2a300000,0x0000002d2a400000)]
  0x0000017cf3ffc0b0 JavaThread "pool-2-thread-1" [_thread_blocked, id=10000, stack(0x0000002d2b400000,0x0000002d2b500000)]
  0x0000017cf3ff6590 JavaThread "MessageBroker-1" [_thread_blocked, id=7604, stack(0x0000002d2b800000,0x0000002d2b900000)]
  0x0000017cf3ffa250 JavaThread "http-nio-0.0.0.0-8081-exec-1" daemon [_thread_blocked, id=5836, stack(0x0000002d2b900000,0x0000002d2ba00000)]
  0x0000017cf3ffcad0 JavaThread "http-nio-0.0.0.0-8081-exec-2" daemon [_thread_blocked, id=8648, stack(0x0000002d2ba00000,0x0000002d2bb00000)]
  0x0000017cf3ff5660 JavaThread "http-nio-0.0.0.0-8081-exec-3" daemon [_thread_blocked, id=6068, stack(0x0000002d2bb00000,0x0000002d2bc00000)]
  0x0000017cf3ffcfe0 JavaThread "http-nio-0.0.0.0-8081-exec-4" daemon [_thread_blocked, id=13164, stack(0x0000002d2bc00000,0x0000002d2bd00000)]
  0x0000017cf3ff6080 JavaThread "http-nio-0.0.0.0-8081-exec-5" daemon [_thread_blocked, id=11076, stack(0x0000002d2bd00000,0x0000002d2be00000)]
  0x0000017cf3ff6fb0 JavaThread "http-nio-0.0.0.0-8081-exec-6" daemon [_thread_blocked, id=2596, stack(0x0000002d2be00000,0x0000002d2bf00000)]
  0x0000017cf3ff79d0 JavaThread "http-nio-0.0.0.0-8081-exec-7" daemon [_thread_blocked, id=10940, stack(0x0000002d2bf00000,0x0000002d2c000000)]
  0x0000017cf3ff83f0 JavaThread "http-nio-0.0.0.0-8081-exec-8" daemon [_thread_blocked, id=2768, stack(0x0000002d2c000000,0x0000002d2c100000)]
  0x0000017cf3ff8900 JavaThread "http-nio-0.0.0.0-8081-exec-9" daemon [_thread_blocked, id=11864, stack(0x0000002d2c100000,0x0000002d2c200000)]
  0x0000017cf3ff8e10 JavaThread "http-nio-0.0.0.0-8081-exec-10" daemon [_thread_blocked, id=11196, stack(0x0000002d2c200000,0x0000002d2c300000)]
  0x0000017cf061f3e0 JavaThread "http-nio-0.0.0.0-8081-Poller" daemon [_thread_in_native, id=7404, stack(0x0000002d2c300000,0x0000002d2c400000)]
  0x0000017cf061fe00 JavaThread "http-nio-0.0.0.0-8081-Acceptor" daemon [_thread_in_native, id=11232, stack(0x0000002d2c400000,0x0000002d2c500000)]
  0x0000017cf061da90 JavaThread "MessageBroker-2" [_thread_blocked, id=13700, stack(0x0000002d2c500000,0x0000002d2c600000)]
  0x0000017cf0623fd0 JavaThread "MessageBroker-3" [_thread_blocked, id=1212, stack(0x0000002d2c600000,0x0000002d2c700000)]
  0x0000017cf0620310 JavaThread "DestroyJavaVM" [_thread_blocked, id=3816, stack(0x0000002d28c00000,0x0000002d28d00000)]
  0x0000017cf06235b0 JavaThread "MessageBroker-4" [_thread_blocked, id=888, stack(0x0000002d2c700000,0x0000002d2c800000)]
  0x0000017cf0620d30 JavaThread "WebSocket background processing" daemon [_thread_blocked, id=10880, stack(0x0000002d28900000,0x0000002d28a00000)]

Other Threads:
  0x0000017cea166010 VMThread "VM Thread" [stack: 0x0000002d29200000,0x0000002d29300000] [id=9436]
  0x0000017cea54eef0 WatcherThread [stack: 0x0000002d29f00000,0x0000002d2a000000] [id=8316]
  0x0000017cccd5e3c0 GCTaskThread "GC Thread#0" [stack: 0x0000002d28d00000,0x0000002d28e00000] [id=7672]
  0x0000017ceaa76360 GCTaskThread "GC Thread#1" [stack: 0x0000002d2a000000,0x0000002d2a100000] [id=12120]
  0x0000017ceac94c20 GCTaskThread "GC Thread#2" [stack: 0x0000002d2a100000,0x0000002d2a200000] [id=1524]
  0x0000017cef058b20 GCTaskThread "GC Thread#3" [stack: 0x0000002d2a200000,0x0000002d2a300000] [id=11544]
  0x0000017cccd66f50 ConcurrentGCThread "G1 Main Marker" [stack: 0x0000002d28e00000,0x0000002d28f00000] [id=4612]
  0x0000017cccd67970 ConcurrentGCThread "G1 Conc#0" [stack: 0x0000002d28f00000,0x0000002d29000000] [id=1920]
  0x0000017cccdb35b0 ConcurrentGCThread "G1 Refine#0" [stack: 0x0000002d29000000,0x0000002d29100000] [id=12868]
  0x0000017cccdb3fe0 ConcurrentGCThread "G1 Service" [stack: 0x0000002d29100000,0x0000002d29200000] [id=12200]

Threads with active compile tasks:
C2 CompilerThread0  1870192 9975       4       sun.nio.ch.NioSocketImpl$1::read (11 bytes)

VM state: not at safepoint (normal execution)

VM Mutex/Monitor currently owned by a thread: None

Heap address: 0x00000000c1e00000, size: 994 MB, Compressed Oops mode: 32-bit

CDS archive(s) mapped at: [0x0000017c80000000-0x0000017c80bb0000-0x0000017c80bb0000), size 12255232, SharedBaseAddress: 0x0000017c80000000, ArchiveRelocationMode: 1.
Compressed class space mapped at: 0x0000017c81000000-0x0000017cc1000000, reserved size: 1073741824
Narrow klass base: 0x0000017c80000000, Narrow klass shift: 0, Narrow klass range: 0x100000000

GC Precious Log:
 CPUs: 4 total, 4 available
 Memory: 3975M
 Large Page Support: Disabled
 NUMA Support: Disabled
 Compressed Oops: Enabled (32-bit)
 Heap Region Size: 1M
 Heap Min Capacity: 8M
 Heap Initial Capacity: 64M
 Heap Max Capacity: 994M
 Pre-touch: Disabled
 Parallel Workers: 4
 Concurrent Workers: 1
 Concurrent Refinement Workers: 4
 Periodic GC: Disabled

Heap:
 garbage-first heap   total 78848K, used 59601K [0x00000000c1e00000, 0x0000000100000000)
  region size 1024K, 25 young (25600K), 3 survivors (3072K)
 Metaspace       used 69376K, committed 70080K, reserved 1114112K
  class space    used 9071K, committed 9408K, reserved 1048576K

Heap Regions: E=young(eden), S=young(survivor), O=old, HS=humongous(starts), HC=humongous(continues), CS=collection set, F=free, OA=open archive, CA=closed archive, TAMS=top-at-mark-start (previous, next)
|   0|0x00000000c1e00000, 0x00000000c1f00000, 0x00000000c1f00000|100%| O|  |TAMS 0x00000000c1f00000, 0x00000000c1e00000| Untracked 
|   1|0x00000000c1f00000, 0x00000000c2000000, 0x00000000c2000000|100%| O|  |TAMS 0x00000000c2000000, 0x00000000c1f00000| Untracked 
|   2|0x00000000c2000000, 0x00000000c2100000, 0x00000000c2100000|100%| O|  |TAMS 0x00000000c2100000, 0x00000000c2000000| Untracked 
|   3|0x00000000c2100000, 0x00000000c2200000, 0x00000000c2200000|100%| O|  |TAMS 0x00000000c2200000, 0x00000000c2100000| Untracked 
|   4|0x00000000c2200000, 0x00000000c2300000, 0x00000000c2300000|100%| O|  |TAMS 0x00000000c2300000, 0x00000000c2200000| Untracked 
|   5|0x00000000c2300000, 0x00000000c2400000, 0x00000000c2400000|100%| O|  |TAMS 0x00000000c2400000, 0x00000000c2300000| Untracked 
|   6|0x00000000c2400000, 0x00000000c2500000, 0x00000000c2500000|100%| O|  |TAMS 0x00000000c2500000, 0x00000000c2400000| Untracked 
|   7|0x00000000c2500000, 0x00000000c2600000, 0x00000000c2600000|100%| O|  |TAMS 0x00000000c2600000, 0x00000000c2500000| Untracked 
|   8|0x00000000c2600000, 0x00000000c2700000, 0x00000000c2700000|100%| O|  |TAMS 0x00000000c2700000, 0x00000000c2600000| Untracked 
|   9|0x00000000c2700000, 0x00000000c2800000, 0x00000000c2800000|100%| O|  |TAMS 0x00000000c2800000, 0x00000000c2700000| Untracked 
|  10|0x00000000c2800000, 0x00000000c2900000, 0x00000000c2900000|100%| O|  |TAMS 0x00000000c2900000, 0x00000000c2800000| Untracked 
|  11|0x00000000c2900000, 0x00000000c2a00000, 0x00000000c2a00000|100%| O|  |TAMS 0x00000000c2a00000, 0x00000000c2900000| Untracked 
|  12|0x00000000c2a00000, 0x00000000c2b00000, 0x00000000c2b00000|100%| O|  |TAMS 0x00000000c2b00000, 0x00000000c2a00000| Untracked 
|  13|0x00000000c2b00000, 0x00000000c2c00000, 0x00000000c2c00000|100%| O|  |TAMS 0x00000000c2c00000, 0x00000000c2b00000| Untracked 
|  14|0x00000000c2c00000, 0x00000000c2d00000, 0x00000000c2d00000|100%| O|  |TAMS 0x00000000c2d00000, 0x00000000c2c00000| Untracked 
|  15|0x00000000c2d00000, 0x00000000c2e00000, 0x00000000c2e00000|100%| O|  |TAMS 0x00000000c2e00000, 0x00000000c2d00000| Untracked 
|  16|0x00000000c2e00000, 0x00000000c2f00000, 0x00000000c2f00000|100%| O|  |TAMS 0x00000000c2f00000, 0x00000000c2e00000| Untracked 
|  17|0x00000000c2f00000, 0x00000000c3000000, 0x00000000c3000000|100%| O|  |TAMS 0x00000000c3000000, 0x00000000c2f00000| Untracked 
|  18|0x00000000c3000000, 0x00000000c3100000, 0x00000000c3100000|100%| O|  |TAMS 0x00000000c3100000, 0x00000000c3000000| Untracked 
|  19|0x00000000c3100000, 0x00000000c3200000, 0x00000000c3200000|100%| O|  |TAMS 0x00000000c3200000, 0x00000000c3100000| Untracked 
|  20|0x00000000c3200000, 0x00000000c32aec00, 0x00000000c3300000| 68%| O|  |TAMS 0x00000000c32aec00, 0x00000000c3200000| Complete 
|  21|0x00000000c3300000, 0x00000000c3400000, 0x00000000c3400000|100%| O|  |TAMS 0x00000000c3400000, 0x00000000c3300000| Untracked 
|  22|0x00000000c3400000, 0x00000000c3500000, 0x00000000c3500000|100%| O|  |TAMS 0x00000000c3500000, 0x00000000c3400000| Untracked 
|  23|0x00000000c3500000, 0x00000000c3600000, 0x00000000c3600000|100%| O|  |TAMS 0x00000000c3600000, 0x00000000c3500000| Untracked 
|  24|0x00000000c3600000, 0x00000000c3700000, 0x00000000c3700000|100%| O|  |TAMS 0x00000000c3700000, 0x00000000c3600000| Untracked 
|  25|0x00000000c3700000, 0x00000000c3800000, 0x00000000c3800000|100%| O|  |TAMS 0x00000000c3800000, 0x00000000c3700000| Untracked 
|  26|0x00000000c3800000, 0x00000000c3900000, 0x00000000c3900000|100%| O|  |TAMS 0x00000000c3900000, 0x00000000c3800000| Untracked 
|  27|0x00000000c3900000, 0x00000000c3a00000, 0x00000000c3a00000|100%| O|  |TAMS 0x00000000c3a00000, 0x00000000c3900000| Untracked 
|  28|0x00000000c3a00000, 0x00000000c3b00000, 0x00000000c3b00000|100%| O|  |TAMS 0x00000000c3b00000, 0x00000000c3a00000| Untracked 
|  29|0x00000000c3b00000, 0x00000000c3c00000, 0x00000000c3c00000|100%| O|  |TAMS 0x00000000c3c00000, 0x00000000c3b00000| Untracked 
|  30|0x00000000c3c00000, 0x00000000c3d00000, 0x00000000c3d00000|100%| O|  |TAMS 0x00000000c3d00000, 0x00000000c3c00000| Untracked 
|  31|0x00000000c3d00000, 0x00000000c3e00000, 0x00000000c3e00000|100%| O|  |TAMS 0x00000000c3e00000, 0x00000000c3d00000| Untracked 
|  32|0x00000000c3e00000, 0x00000000c3f00000, 0x00000000c3f00000|100%| O|  |TAMS 0x00000000c3f00000, 0x00000000c3e00000| Untracked 
|  33|0x00000000c3f00000, 0x00000000c4000000, 0x00000000c4000000|100%| O|  |TAMS 0x00000000c4000000, 0x00000000c3f00000| Untracked 
|  34|0x00000000c4000000, 0x00000000c4100000, 0x00000000c4100000|100%| O|  |TAMS 0x00000000c4100000, 0x00000000c4000000| Untracked 
|  35|0x00000000c4100000, 0x00000000c4145000, 0x00000000c4200000| 26%| O|  |TAMS 0x00000000c4145000, 0x00000000c4100000| Untracked 
|  36|0x00000000c4200000, 0x00000000c4200000, 0x00000000c4300000|  0%| F|  |TAMS 0x00000000c4200000, 0x00000000c4200000| Untracked 
|  37|0x00000000c4300000, 0x00000000c4300000, 0x00000000c4400000|  0%| F|  |TAMS 0x00000000c4300000, 0x00000000c4300000| Untracked 
|  38|0x00000000c4400000, 0x00000000c4400000, 0x00000000c4500000|  0%| F|  |TAMS 0x00000000c4400000, 0x00000000c4400000| Untracked 
|  39|0x00000000c4500000, 0x00000000c4500000, 0x00000000c4600000|  0%| F|  |TAMS 0x00000000c4500000, 0x00000000c4500000| Untracked 
|  40|0x00000000c4600000, 0x00000000c4600000, 0x00000000c4700000|  0%| F|  |TAMS 0x00000000c4600000, 0x00000000c4600000| Untracked 
|  41|0x00000000c4700000, 0x00000000c4700000, 0x00000000c4800000|  0%| F|  |TAMS 0x00000000c4700000, 0x00000000c4700000| Untracked 
|  42|0x00000000c4800000, 0x00000000c4800000, 0x00000000c4900000|  0%| F|  |TAMS 0x00000000c4800000, 0x00000000c4800000| Untracked 
|  43|0x00000000c4900000, 0x00000000c4900000, 0x00000000c4a00000|  0%| F|  |TAMS 0x00000000c4900000, 0x00000000c4900000| Untracked 
|  44|0x00000000c4a00000, 0x00000000c4a00000, 0x00000000c4b00000|  0%| F|  |TAMS 0x00000000c4a00000, 0x00000000c4a00000| Untracked 
|  45|0x00000000c4b00000, 0x00000000c4b00000, 0x00000000c4c00000|  0%| F|  |TAMS 0x00000000c4b00000, 0x00000000c4b00000| Untracked 
|  46|0x00000000c4c00000, 0x00000000c4c40aa0, 0x00000000c4d00000| 25%| S|CS|TAMS 0x00000000c4c00000, 0x00000000c4c00000| Complete 
|  47|0x00000000c4d00000, 0x00000000c4e00000, 0x00000000c4e00000|100%| S|CS|TAMS 0x00000000c4d00000, 0x00000000c4d00000| Complete 
|  48|0x00000000c4e00000, 0x00000000c4e00000, 0x00000000c4f00000|  0%| F|  |TAMS 0x00000000c4e00000, 0x00000000c4e00000| Untracked 
|  49|0x00000000c4f00000, 0x00000000c4f00000, 0x00000000c5000000|  0%| F|  |TAMS 0x00000000c4f00000, 0x00000000c4f00000| Untracked 
|  50|0x00000000c5000000, 0x00000000c5100000, 0x00000000c5100000|100%| S|CS|TAMS 0x00000000c5000000, 0x00000000c5000000| Complete 
|  51|0x00000000c5100000, 0x00000000c5100000, 0x00000000c5200000|  0%| F|  |TAMS 0x00000000c5100000, 0x00000000c5100000| Untracked 
|  52|0x00000000c5200000, 0x00000000c5200000, 0x00000000c5300000|  0%| F|  |TAMS 0x00000000c5200000, 0x00000000c5200000| Untracked 
|  53|0x00000000c5300000, 0x00000000c5300000, 0x00000000c5400000|  0%| F|  |TAMS 0x00000000c5300000, 0x00000000c5300000| Untracked 
|  54|0x00000000c5400000, 0x00000000c5400000, 0x00000000c5500000|  0%| F|  |TAMS 0x00000000c5400000, 0x00000000c5400000| Untracked 
|  55|0x00000000c5500000, 0x00000000c555eb08, 0x00000000c5600000| 36%| E|  |TAMS 0x00000000c5500000, 0x00000000c5500000| Complete 
|  56|0x00000000c5600000, 0x00000000c5700000, 0x00000000c5700000|100%| E|CS|TAMS 0x00000000c5600000, 0x00000000c5600000| Complete 
|  57|0x00000000c5700000, 0x00000000c5800000, 0x00000000c5800000|100%| E|CS|TAMS 0x00000000c5700000, 0x00000000c5700000| Complete 
|  58|0x00000000c5800000, 0x00000000c5900000, 0x00000000c5900000|100%| E|CS|TAMS 0x00000000c5800000, 0x00000000c5800000| Complete 
|  59|0x00000000c5900000, 0x00000000c5a00000, 0x00000000c5a00000|100%| E|CS|TAMS 0x00000000c5900000, 0x00000000c5900000| Complete 
|  60|0x00000000c5a00000, 0x00000000c5b00000, 0x00000000c5b00000|100%| E|CS|TAMS 0x00000000c5a00000, 0x00000000c5a00000| Complete 
|  61|0x00000000c5b00000, 0x00000000c5c00000, 0x00000000c5c00000|100%| E|CS|TAMS 0x00000000c5b00000, 0x00000000c5b00000| Complete 
|  62|0x00000000c5c00000, 0x00000000c5d00000, 0x00000000c5d00000|100%| E|CS|TAMS 0x00000000c5c00000, 0x00000000c5c00000| Complete 
|  63|0x00000000c5d00000, 0x00000000c5e00000, 0x00000000c5e00000|100%| E|CS|TAMS 0x00000000c5d00000, 0x00000000c5d00000| Complete 
|  64|0x00000000c5e00000, 0x00000000c5f00000, 0x00000000c5f00000|100%| E|CS|TAMS 0x00000000c5e00000, 0x00000000c5e00000| Complete 
|  65|0x00000000c5f00000, 0x00000000c6000000, 0x00000000c6000000|100%| E|CS|TAMS 0x00000000c5f00000, 0x00000000c5f00000| Complete 
|  66|0x00000000c6000000, 0x00000000c6100000, 0x00000000c6100000|100%| E|CS|TAMS 0x00000000c6000000, 0x00000000c6000000| Complete 
|  67|0x00000000c6100000, 0x00000000c6200000, 0x00000000c6200000|100%| E|CS|TAMS 0x00000000c6100000, 0x00000000c6100000| Complete 
|  68|0x00000000c6200000, 0x00000000c6300000, 0x00000000c6300000|100%| E|CS|TAMS 0x00000000c6200000, 0x00000000c6200000| Complete 
|  69|0x00000000c6300000, 0x00000000c6400000, 0x00000000c6400000|100%| E|CS|TAMS 0x00000000c6300000, 0x00000000c6300000| Complete 
|  70|0x00000000c6400000, 0x00000000c6500000, 0x00000000c6500000|100%| E|CS|TAMS 0x00000000c6400000, 0x00000000c6400000| Complete 
|  71|0x00000000c6500000, 0x00000000c6600000, 0x00000000c6600000|100%| E|CS|TAMS 0x00000000c6500000, 0x00000000c6500000| Complete 
|  72|0x00000000c6600000, 0x00000000c6700000, 0x00000000c6700000|100%| E|CS|TAMS 0x00000000c6600000, 0x00000000c6600000| Complete 
|  73|0x00000000c6700000, 0x00000000c6800000, 0x00000000c6800000|100%| E|CS|TAMS 0x00000000c6700000, 0x00000000c6700000| Complete 
|  74|0x00000000c6800000, 0x00000000c6900000, 0x00000000c6900000|100%| E|CS|TAMS 0x00000000c6800000, 0x00000000c6800000| Complete 
|  75|0x00000000c6900000, 0x00000000c6a00000, 0x00000000c6a00000|100%| E|CS|TAMS 0x00000000c6900000, 0x00000000c6900000| Complete 
| 107|0x00000000c8900000, 0x00000000c8a00000, 0x00000000c8a00000|100%| E|CS|TAMS 0x00000000c8900000, 0x00000000c8900000| Complete 

Card table byte_map: [0x0000017ce58b0000,0x0000017ce5ab0000] _byte_map_base: 0x0000017ce52a1000

Marking Bits (Prev, Next): (CMBitMap*) 0x0000017cccd5e9e0, (CMBitMap*) 0x0000017cccd5ea20
 Prev Bits: [0x0000017ce5cb0000, 0x0000017ce6c38000)
 Next Bits: [0x0000017ce6c40000, 0x0000017ce7bc8000)

Polling page: 0x0000017cccdd0000

Metaspace:

Usage:
  Non-class:     58.89 MB used.
      Class:      8.86 MB used.
       Both:     67.75 MB used.

Virtual space:
  Non-class space:       64.00 MB reserved,      59.25 MB ( 93%) committed,  1 nodes.
      Class space:        1.00 GB reserved,       9.19 MB ( <1%) committed,  1 nodes.
             Both:        1.06 GB reserved,      68.44 MB (  6%) committed. 

Chunk freelists:
   Non-Class:  4.20 MB
       Class:  6.69 MB
        Both:  10.89 MB

MaxMetaspaceSize: unlimited
CompressedClassSpaceSize: 1.00 GB
Initial GC threshold: 21.00 MB
Current GC threshold: 113.75 MB
CDS: on
MetaspaceReclaimPolicy: balanced
 - commit_granule_bytes: 65536.
 - commit_granule_words: 8192.
 - virtual_space_node_default_size: 8388608.
 - enlarge_chunks_in_place: 1.
 - new_chunks_are_fully_committed: 0.
 - uncommit_free_chunks: 1.
 - use_allocation_guard: 0.
 - handle_deallocations: 1.


Internal statistics:

num_allocs_failed_limit: 9.
num_arena_births: 1140.
num_arena_deaths: 8.
num_vsnodes_births: 2.
num_vsnodes_deaths: 0.
num_space_committed: 1095.
num_space_uncommitted: 0.
num_chunks_returned_to_freelist: 18.
num_chunks_taken_from_freelist: 3712.
num_chunk_merges: 4.
num_chunk_splits: 2524.
num_chunks_enlarged: 1814.
num_inconsistent_stats: 0.

CodeHeap 'non-profiled nmethods': size=120000Kb used=4929Kb max_used=5537Kb free=115070Kb
 bounds [0x0000017cddb50000, 0x0000017cde0c0000, 0x0000017ce5080000]
CodeHeap 'profiled nmethods': size=120000Kb used=14730Kb max_used=17128Kb free=105269Kb
 bounds [0x0000017cd6080000, 0x0000017cd7140000, 0x0000017cdd5b0000]
CodeHeap 'non-nmethods': size=5760Kb used=1347Kb max_used=1405Kb free=4412Kb
 bounds [0x0000017cdd5b0000, 0x0000017cdd820000, 0x0000017cddb50000]
 total_blobs=8835 nmethods=8157 adapters=589
 compilation: enabled
              stopped_count=0, restarted_count=0
 full_count=0

Compilation events (20 events):
Event: 1850.813 Thread 0x0000017cea1f52e0 9967       1       com.mongodb.internal.operation.FindOperation::getCommandName (3 bytes)
Event: 1850.813 Thread 0x0000017cea1f52e0 nmethod 9967 0x0000017cddf6db10 code [0x0000017cddf6dca0, 0x0000017cddf6dd78]
Event: 1850.819 Thread 0x0000017cea186010 nmethod 9963 0x0000017cddf14b90 code [0x0000017cddf14d20, 0x0000017cddf152c8]
Event: 1850.820 Thread 0x0000017cea186010 9965       4       org.springframework.data.mongodb.core.mapping.CachingMongoPersistentProperty::isUnwrapped (14 bytes)
Event: 1850.826 Thread 0x0000017cea1f52e0 9968       1       com.mongodb.client.internal.ClientSessionBinding::access$000 (5 bytes)
Event: 1850.830 Thread 0x0000017cea1f52e0 nmethod 9968 0x0000017cde06fa90 code [0x0000017cde06fc20, 0x0000017cde06fcd8]
Event: 1850.830 Thread 0x0000017cea1f52e0 9969       1       com.mongodb.internal.binding.ClusterBinding$ClusterBindingConnectionSource::getServerDescription (5 bytes)
Event: 1850.833 Thread 0x0000017cea1f52e0 nmethod 9969 0x0000017cde06f790 code [0x0000017cde06f920, 0x0000017cde06f9f8]
Event: 1850.835 Thread 0x0000017cea1f52e0 9971       3       com.mongodb.internal.operation.CursorResourceManager::tryStartOperation (20 bytes)
Event: 1850.845 Thread 0x0000017cea186010 nmethod 9965 0x0000017cde08b010 code [0x0000017cde08b1a0, 0x0000017cde08b3d8]
Event: 1850.863 Thread 0x0000017cea1f52e0 nmethod 9971 0x0000017cd6766910 code [0x0000017cd6766be0, 0x0000017cd6767d08]
Event: 1850.864 Thread 0x0000017cea1f52e0 9970       1       com.mongodb.internal.operation.CommandCursorResult::getNamespace (5 bytes)
Event: 1850.867 Thread 0x0000017cea1f52e0 nmethod 9970 0x0000017cde06f410 code [0x0000017cde06f5a0, 0x0000017cde06f678]
Event: 1850.867 Thread 0x0000017cea1f52e0 9972       1       com.mongodb.internal.operation.CursorResourceManager::getServerCursor (5 bytes)
Event: 1850.871 Thread 0x0000017cea1f52e0 nmethod 9972 0x0000017cde08ad10 code [0x0000017cde08aea0, 0x0000017cde08af78]
Event: 1854.192 Thread 0x0000017cea1f52e0 9973       1       org.apache.tomcat.websocket.server.WsRemoteEndpointImplServer::isMasked (2 bytes)
Event: 1854.193 Thread 0x0000017cea1f52e0 nmethod 9973 0x0000017cde08aa10 code [0x0000017cde08aba0, 0x0000017cde08ac78]
Event: 1869.858 Thread 0x0000017cea186010 9974       4       java.net.Socket$SocketInputStream::read (11 bytes)
Event: 1870.022 Thread 0x0000017cea186010 nmethod 9974 0x0000017cddf11890 code [0x0000017cddf11b20, 0x0000017cddf13570]
Event: 1870.022 Thread 0x0000017cea186010 9975       4       sun.nio.ch.NioSocketImpl$1::read (11 bytes)

GC Heap History (20 events):
Event: 19.984 GC heap before
{Heap before GC invocations=11 (full 0):
 garbage-first heap   total 55296K, used 27282K [0x00000000c1e00000, 0x0000000100000000)
  region size 1024K, 10 young (10240K), 3 survivors (3072K)
 Metaspace       used 35689K, committed 36096K, reserved 1114112K
  class space    used 4648K, committed 4864K, reserved 1048576K
}
Event: 20.013 GC heap after
{Heap after GC invocations=12 (full 0):
 garbage-first heap   total 110592K, used 22044K [0x00000000c1e00000, 0x0000000100000000)
  region size 1024K, 1 young (1024K), 1 survivors (1024K)
 Metaspace       used 35689K, committed 36096K, reserved 1114112K
  class space    used 4648K, committed 4864K, reserved 1048576K
}
Event: 22.289 GC heap before
{Heap before GC invocations=13 (full 0):
 garbage-first heap   total 78848K, used 68124K [0x00000000c1e00000, 0x0000000100000000)
  region size 1024K, 46 young (47104K), 1 survivors (1024K)
 Metaspace       used 44408K, committed 44864K, reserved 1114112K
  class space    used 5858K, committed 6080K, reserved 1048576K
}
Event: 22.308 GC heap after
{Heap after GC invocations=14 (full 0):
 garbage-first heap   total 78848K, used 26096K [0x00000000c1e00000, 0x0000000100000000)
  region size 1024K, 5 young (5120K), 5 survivors (5120K)
 Metaspace       used 44408K, committed 44864K, reserved 1114112K
  class space    used 5858K, committed 6080K, reserved 1048576K
}
Event: 24.049 GC heap before
{Heap before GC invocations=14 (full 0):
 garbage-first heap   total 78848K, used 59888K [0x00000000c1e00000, 0x0000000100000000)
  region size 1024K, 38 young (38912K), 5 survivors (5120K)
 Metaspace       used 49242K, committed 49792K, reserved 1114112K
  class space    used 6533K, committed 6784K, reserved 1048576K
}
Event: 24.068 GC heap after
{Heap after GC invocations=15 (full 0):
 garbage-first heap   total 78848K, used 29097K [0x00000000c1e00000, 0x0000000100000000)
  region size 1024K, 3 young (3072K), 3 survivors (3072K)
 Metaspace       used 49242K, committed 49792K, reserved 1114112K
  class space    used 6533K, committed 6784K, reserved 1048576K
}
Event: 25.067 GC heap before
{Heap before GC invocations=15 (full 0):
 garbage-first heap   total 78848K, used 60841K [0x00000000c1e00000, 0x0000000100000000)
  region size 1024K, 34 young (34816K), 3 survivors (3072K)
 Metaspace       used 52222K, committed 52800K, reserved 1114112K
  class space    used 6829K, committed 7104K, reserved 1048576K
}
Event: 25.084 GC heap after
{Heap after GC invocations=16 (full 0):
 garbage-first heap   total 78848K, used 30802K [0x00000000c1e00000, 0x0000000100000000)
  region size 1024K, 2 young (2048K), 2 survivors (2048K)
 Metaspace       used 52222K, committed 52800K, reserved 1114112K
  class space    used 6829K, committed 7104K, reserved 1048576K
}
Event: 27.608 GC heap before
{Heap before GC invocations=16 (full 0):
 garbage-first heap   total 78848K, used 61522K [0x00000000c1e00000, 0x0000000100000000)
  region size 1024K, 32 young (32768K), 2 survivors (2048K)
 Metaspace       used 56293K, committed 56768K, reserved 1114112K
  class space    used 7398K, committed 7616K, reserved 1048576K
}
Event: 27.617 GC heap after
{Heap after GC invocations=17 (full 0):
 garbage-first heap   total 78848K, used 32154K [0x00000000c1e00000, 0x0000000100000000)
  region size 1024K, 4 young (4096K), 4 survivors (4096K)
 Metaspace       used 56293K, committed 56768K, reserved 1114112K
  class space    used 7398K, committed 7616K, reserved 1048576K
}
Event: 28.780 GC heap before
{Heap before GC invocations=17 (full 0):
 garbage-first heap   total 78848K, used 60826K [0x00000000c1e00000, 0x0000000100000000)
  region size 1024K, 33 young (33792K), 4 survivors (4096K)
 Metaspace       used 59601K, committed 60096K, reserved 1114112K
  class space    used 7845K, committed 8064K, reserved 1048576K
}
Event: 28.789 GC heap after
{Heap after GC invocations=18 (full 0):
 garbage-first heap   total 78848K, used 33856K [0x00000000c1e00000, 0x0000000100000000)
  region size 1024K, 4 young (4096K), 4 survivors (4096K)
 Metaspace       used 59601K, committed 60096K, reserved 1114112K
  class space    used 7845K, committed 8064K, reserved 1048576K
}
Event: 28.866 GC heap before
{Heap before GC invocations=18 (full 0):
 garbage-first heap   total 78848K, used 34880K [0x00000000c1e00000, 0x0000000100000000)
  region size 1024K, 6 young (6144K), 4 survivors (4096K)
 Metaspace       used 59740K, committed 60288K, reserved 1114112K
  class space    used 7865K, committed 8128K, reserved 1048576K
}
Event: 28.872 GC heap after
{Heap after GC invocations=19 (full 0):
 garbage-first heap   total 78848K, used 34195K [0x00000000c1e00000, 0x0000000100000000)
  region size 1024K, 3 young (3072K), 3 survivors (3072K)
 Metaspace       used 59740K, committed 60288K, reserved 1114112K
  class space    used 7865K, committed 8128K, reserved 1048576K
}
Event: 29.757 GC heap before
{Heap before GC invocations=20 (full 0):
 garbage-first heap   total 78848K, used 61843K [0x00000000c1e00000, 0x0000000100000000)
  region size 1024K, 31 young (31744K), 3 survivors (3072K)
 Metaspace       used 62387K, committed 62976K, reserved 1114112K
  class space    used 8275K, committed 8576K, reserved 1048576K
}
Event: 29.765 GC heap after
{Heap after GC invocations=21 (full 0):
 garbage-first heap   total 78848K, used 36161K [0x00000000c1e00000, 0x0000000100000000)
  region size 1024K, 4 young (4096K), 4 survivors (4096K)
 Metaspace       used 62387K, committed 62976K, reserved 1114112K
  class space    used 8275K, committed 8576K, reserved 1048576K
}
Event: 513.023 GC heap before
{Heap before GC invocations=21 (full 0):
 garbage-first heap   total 78848K, used 63809K [0x00000000c1e00000, 0x0000000100000000)
  region size 1024K, 31 young (31744K), 4 survivors (4096K)
 Metaspace       used 65746K, committed 66368K, reserved 1114112K
  class space    used 8682K, committed 8960K, reserved 1048576K
}
Event: 513.312 GC heap after
{Heap after GC invocations=22 (full 0):
 garbage-first heap   total 78848K, used 37340K [0x00000000c1e00000, 0x0000000100000000)
  region size 1024K, 2 young (2048K), 2 survivors (2048K)
 Metaspace       used 65746K, committed 66368K, reserved 1114112K
  class space    used 8682K, committed 8960K, reserved 1048576K
}
Event: 829.956 GC heap before
{Heap before GC invocations=22 (full 0):
 garbage-first heap   total 78848K, used 62940K [0x00000000c1e00000, 0x0000000100000000)
  region size 1024K, 28 young (28672K), 2 survivors (2048K)
 Metaspace       used 68967K, committed 69696K, reserved 1114112K
  class space    used 9046K, committed 9408K, reserved 1048576K
}
Event: 830.017 GC heap after
{Heap after GC invocations=23 (full 0):
 garbage-first heap   total 78848K, used 38097K [0x00000000c1e00000, 0x0000000100000000)
  region size 1024K, 3 young (3072K), 3 survivors (3072K)
 Metaspace       used 68967K, committed 69696K, reserved 1114112K
  class space    used 9046K, committed 9408K, reserved 1048576K
}

Dll operation events (13 events):
Event: 0.543 Loaded shared library C:\Users\SAFA\AppData\Local\Programs\Eclipse Adoptium\jdk-17.0.15.6-hotspot\bin\java.dll
Event: 0.815 Loaded shared library C:\Users\SAFA\AppData\Local\Programs\Eclipse Adoptium\jdk-17.0.15.6-hotspot\bin\jsvml.dll
Event: 1.962 Loaded shared library C:\Users\SAFA\AppData\Local\Programs\Eclipse Adoptium\jdk-17.0.15.6-hotspot\bin\zip.dll
Event: 1.977 Loaded shared library C:\Users\SAFA\AppData\Local\Programs\Eclipse Adoptium\jdk-17.0.15.6-hotspot\bin\instrument.dll
Event: 1.993 Loaded shared library C:\Users\SAFA\AppData\Local\Programs\Eclipse Adoptium\jdk-17.0.15.6-hotspot\bin\net.dll
Event: 1.999 Loaded shared library C:\Users\SAFA\AppData\Local\Programs\Eclipse Adoptium\jdk-17.0.15.6-hotspot\bin\nio.dll
Event: 2.008 Loaded shared library C:\Users\SAFA\AppData\Local\Programs\Eclipse Adoptium\jdk-17.0.15.6-hotspot\bin\zip.dll
Event: 3.854 Loaded shared library C:\Program Files\JetBrains\IntelliJ IDEA Community Edition 2024.1.4\bin\breakgen64.dll
Event: 4.023 Loaded shared library C:\Users\SAFA\AppData\Local\Programs\Eclipse Adoptium\jdk-17.0.15.6-hotspot\bin\extnet.dll
Event: 4.459 Loaded shared library C:\Users\SAFA\AppData\Local\Programs\Eclipse Adoptium\jdk-17.0.15.6-hotspot\bin\jimage.dll
Event: 13.659 Loaded shared library C:\Users\SAFA\AppData\Local\Programs\Eclipse Adoptium\jdk-17.0.15.6-hotspot\bin\sunmscapi.dll
Event: 19.669 Loaded shared library C:\Users\SAFA\AppData\Local\Programs\Eclipse Adoptium\jdk-17.0.15.6-hotspot\bin\management.dll
Event: 19.674 Loaded shared library C:\Users\SAFA\AppData\Local\Programs\Eclipse Adoptium\jdk-17.0.15.6-hotspot\bin\management_ext.dll

Deoptimization events (20 events):
Event: 828.930 Thread 0x0000017cf3ffa250 DEOPT PACKING pc=0x0000017cddf14f68 sp=0x0000002d2b9f7750
Event: 828.931 Thread 0x0000017cf3ffa250 DEOPT UNPACKING pc=0x0000017cdd6069a3 sp=0x0000002d2b9f76a0 mode 2
Event: 830.102 Thread 0x0000017cf3ffa250 Uncommon trap: trap_request=0xffffff66 fr.pc=0x0000017cddc818b4 relative=0x00000000000007f4
Event: 830.102 Thread 0x0000017cf3ffa250 Uncommon trap: reason=speculate_class_check action=maybe_recompile pc=0x0000017cddc818b4 method=org.springframework.core.MethodParameter.getGenericParameterType()Ljava/lang/reflect/Type; @ 17 c2
Event: 830.102 Thread 0x0000017cf3ffa250 DEOPT PACKING pc=0x0000017cddc818b4 sp=0x0000002d2b9faab0
Event: 830.102 Thread 0x0000017cf3ffa250 DEOPT UNPACKING pc=0x0000017cdd6069a3 sp=0x0000002d2b9faa00 mode 2
Event: 830.744 Thread 0x0000017cf3ff6080 Uncommon trap: trap_request=0xffffff66 fr.pc=0x0000017cddc818b4 relative=0x00000000000007f4
Event: 830.744 Thread 0x0000017cf3ff6080 Uncommon trap: reason=speculate_class_check action=maybe_recompile pc=0x0000017cddc818b4 method=org.springframework.core.MethodParameter.getGenericParameterType()Ljava/lang/reflect/Type; @ 17 c2
Event: 830.744 Thread 0x0000017cf3ff6080 DEOPT PACKING pc=0x0000017cddc818b4 sp=0x0000002d2bdfa920
Event: 830.745 Thread 0x0000017cf3ff6080 DEOPT UNPACKING pc=0x0000017cdd6069a3 sp=0x0000002d2bdfa870 mode 2
Event: 863.991 Thread 0x0000017cf1e8ec40 DEOPT PACKING pc=0x0000017cd70350bc sp=0x0000002d2a9fe1e0
Event: 863.991 Thread 0x0000017cf1e8ec40 DEOPT UNPACKING pc=0x0000017cdd607143 sp=0x0000002d2a9fd6a0 mode 0
Event: 1144.235 Thread 0x0000017cf1e8ec40 Uncommon trap: trap_request=0xffffff45 fr.pc=0x0000017cde070348 relative=0x0000000000000d88
Event: 1144.236 Thread 0x0000017cf1e8ec40 Uncommon trap: reason=unstable_if action=reinterpret pc=0x0000017cde070348 method=java.util.concurrent.locks.AbstractQueuedSynchronizer.acquire(Ljava/util/concurrent/locks/AbstractQueuedSynchronizer$Node;IZZZJ)I @ 298 c2
Event: 1144.236 Thread 0x0000017cf1e8ec40 DEOPT PACKING pc=0x0000017cde070348 sp=0x0000002d2a9ff0c0
Event: 1144.237 Thread 0x0000017cf1e8ec40 DEOPT UNPACKING pc=0x0000017cdd6069a3 sp=0x0000002d2a9ff080 mode 2
Event: 1454.026 Thread 0x0000017cf3ff6590 Uncommon trap: trap_request=0xffffff45 fr.pc=0x0000017cde08aa78 relative=0x0000000000000b18
Event: 1454.032 Thread 0x0000017cf3ff6590 Uncommon trap: reason=unstable_if action=reinterpret pc=0x0000017cde08aa78 method=java.util.concurrent.locks.AbstractQueuedSynchronizer$ConditionObject.canReacquire(Ljava/util/concurrent/locks/AbstractQueuedSynchronizer$ConditionNode;)Z @ 18 c2
Event: 1454.032 Thread 0x0000017cf3ff6590 DEOPT PACKING pc=0x0000017cde08aa78 sp=0x0000002d2b8ff310
Event: 1454.037 Thread 0x0000017cf3ff6590 DEOPT UNPACKING pc=0x0000017cdd6069a3 sp=0x0000002d2b8ff220 mode 2

Classes loaded (20 events):
Event: 828.406 Loading class java/util/zip/Deflater
Event: 828.406 Loading class java/util/zip/Deflater done
Event: 828.417 Loading class java/util/zip/Deflater$DeflaterZStreamRef
Event: 828.417 Loading class java/util/zip/Deflater$DeflaterZStreamRef done
Event: 828.502 Loading class java/util/concurrent/atomic/AtomicReferenceFieldUpdater
Event: 828.502 Loading class java/util/concurrent/atomic/AtomicReferenceFieldUpdater done
Event: 828.503 Loading class java/util/concurrent/atomic/AtomicReferenceFieldUpdater$AtomicReferenceFieldUpdaterImpl
Event: 828.503 Loading class java/util/concurrent/atomic/AtomicReferenceFieldUpdater$AtomicReferenceFieldUpdaterImpl done
Event: 828.503 Loading class java/util/concurrent/atomic/AtomicReferenceFieldUpdater$AtomicReferenceFieldUpdaterImpl$1
Event: 828.504 Loading class java/util/concurrent/atomic/AtomicReferenceFieldUpdater$AtomicReferenceFieldUpdaterImpl$1 done
Event: 828.571 Loading class sun/nio/ch/IOVecWrapper
Event: 828.572 Loading class sun/nio/ch/IOVecWrapper done
Event: 828.572 Loading class sun/nio/ch/AllocatedNativeObject
Event: 828.572 Loading class sun/nio/ch/NativeObject
Event: 828.573 Loading class sun/nio/ch/NativeObject done
Event: 828.573 Loading class sun/nio/ch/AllocatedNativeObject done
Event: 828.573 Loading class sun/nio/ch/IOVecWrapper$Deallocator
Event: 828.573 Loading class sun/nio/ch/IOVecWrapper$Deallocator done
Event: 828.681 Loading class java/util/concurrent/LinkedBlockingQueue$Itr
Event: 828.682 Loading class java/util/concurrent/LinkedBlockingQueue$Itr done

Classes unloaded (4 events):
Event: 28.981 Thread 0x0000017cea166010 Unloading class 0x0000017c81694400 'java/lang/invoke/LambdaForm$DMH+0x0000017c81694400'
Event: 28.981 Thread 0x0000017cea166010 Unloading class 0x0000017c8168c800 'java/lang/invoke/LambdaForm$DMH+0x0000017c8168c800'
Event: 28.981 Thread 0x0000017cea166010 Unloading class 0x0000017c81605000 'java/lang/invoke/LambdaForm$DMH+0x0000017c81605000'
Event: 28.981 Thread 0x0000017cea166010 Unloading class 0x0000017c81604c00 'java/lang/invoke/LambdaForm$DMH+0x0000017c81604c00'

Classes redefined (0 events):
No events

Internal exceptions (20 events):
Event: 29.930 Thread 0x0000017cccd247e0 Exception <a 'java/lang/NoSuchMethodError'{0x00000000c669fda8}: 'java.lang.Object java.lang.invoke.DirectMethodHandle$Holder.newInvokeSpecial(java.lang.Object, java.lang.Object, int, java.lang.Object, java.lang.Object)'> (0x00000000c669fda8) 
thrown [s\src\hotspot\share\interpreter\linkResolver.cpp, line 759]
Event: 30.130 Thread 0x0000017cccd247e0 Exception <a 'java/lang/IncompatibleClassChangeError'{0x00000000c61324b8}: Found class java.lang.Object, but interface was expected> (0x00000000c61324b8) 
thrown [s\src\hotspot\share\interpreter\linkResolver.cpp, line 826]
Event: 30.293 Thread 0x0000017cf3ff6590 Exception <a 'java/lang/NoSuchMethodError'{0x00000000c5d10928}: 'long java.lang.invoke.DirectMethodHandle$Holder.invokeStatic(java.lang.Object, long)'> (0x00000000c5d10928) 
thrown [s\src\hotspot\share\interpreter\linkResolver.cpp, line 759]
Event: 30.324 Thread 0x0000017cf3ff6590 Exception <a 'java/lang/NoSuchMethodError'{0x00000000c5d41698}: 'java.lang.Object java.lang.invoke.DirectMethodHandle$Holder.invokeVirtual(java.lang.Object, java.lang.Object, java.lang.Object, java.lang.Object, java.lang.Object)'> (0x00000000c5d41698) 
thrown [s\src\hotspot\share\interpreter\linkResolver.cpp, line 759]
Event: 30.369 Thread 0x0000017cf3ff6590 Implicit null exception at 0x0000017cddce3b94 to 0x0000017cddce3c0c
Event: 30.373 Thread 0x0000017cf3ff6590 Exception <a 'java/lang/NoSuchMethodError'{0x00000000c5de6908}: 'int java.lang.invoke.DirectMethodHandle$Holder.invokeSpecial(java.lang.Object, java.lang.Object, java.lang.Object, int)'> (0x00000000c5de6908) 
thrown [s\src\hotspot\share\interpreter\linkResolver.cpp, line 759]
Event: 30.378 Thread 0x0000017cf3ff6590 Exception <a 'java/lang/NoSuchMethodError'{0x00000000c5df8ba0}: 'java.lang.Object java.lang.invoke.DirectMethodHandle$Holder.invokeStatic(java.lang.Object, java.lang.Object, java.lang.Object, java.lang.Object, int)'> (0x00000000c5df8ba0) 
thrown [s\src\hotspot\share\interpreter\linkResolver.cpp, line 759]
Event: 30.384 Thread 0x0000017cf3ff6590 Exception <a 'java/lang/NoSuchMethodError'{0x00000000c5c03588}: 'void java.lang.invoke.DelegatingMethodHandle$Holder.reinvoke_L(java.lang.Object, java.lang.Object, int)'> (0x00000000c5c03588) 
thrown [s\src\hotspot\share\interpreter\linkResolver.cpp, line 759]
Event: 90.665 Thread 0x0000017cf0623fd0 Exception <a 'java/lang/NoSuchMethodError'{0x00000000c5ac5588}: 'java.lang.Object java.lang.invoke.DirectMethodHandle$Holder.invokeSpecial(java.lang.Object, java.lang.Object, long, int, int, int, int, int, int, int, int, int)'> (0x00000000c5ac5588) 
thrown [s\src\hotspot\share\interpreter\linkResolver.cpp, line 759]
Event: 90.678 Thread 0x0000017cf0623fd0 Exception <a 'java/lang/NoSuchMethodError'{0x00000000c5ac9220}: 'java.lang.Object java.lang.invoke.DelegatingMethodHandle$Holder.reinvoke_L(java.lang.Object, long, int, int, int, int, int, int, int, int, int)'> (0x00000000c5ac9220) 
thrown [s\src\hotspot\share\interpreter\linkResolver.cpp, line 759]
Event: 91.027 Thread 0x0000017cf0623fd0 Exception <a 'java/lang/NoSuchMethodError'{0x00000000c5938e50}: 'java.lang.Object java.lang.invoke.Invokers$Holder.linkToTargetMethod(int, int, int, java.lang.Object)'> (0x00000000c5938e50) 
thrown [s\src\hotspot\share\interpreter\linkResolver.cpp, line 759]
Event: 825.650 Thread 0x0000017cf061fe00 Exception <a 'java/lang/NoSuchMethodError'{0x00000000c5a6b868}: 'java.lang.Object java.lang.invoke.DirectMethodHandle$Holder.invokeStatic(java.lang.Object, java.lang.Object, java.lang.Object, int, int)'> (0x00000000c5a6b868) 
thrown [s\src\hotspot\share\interpreter\linkResolver.cpp, line 759]
Event: 825.662 Thread 0x0000017cf061fe00 Exception <a 'java/lang/NoSuchMethodError'{0x00000000c5a6f080}: 'java.lang.Object java.lang.invoke.DirectMethodHandle$Holder.invokeStaticInit(java.lang.Object, java.lang.Object, java.lang.Object, int, int)'> (0x00000000c5a6f080) 
thrown [s\src\hotspot\share\interpreter\linkResolver.cpp, line 759]
Event: 826.697 Thread 0x0000017cf3ffa250 Exception <a 'java/lang/NoSuchMethodError'{0x00000000c59cd468}: 'java.lang.Object java.lang.invoke.DirectMethodHandle$Holder.invokeSpecial(java.lang.Object, java.lang.Object, java.lang.Object, java.lang.Object, java.lang.Object, long)'> (0x00000000c59cd468) 
thrown [s\src\hotspot\share\interpreter\linkResolver.cpp, line 759]
Event: 826.697 Thread 0x0000017cf3ffa250 Exception <a 'java/lang/NoSuchMethodError'{0x00000000c59d0e60}: 'java.lang.Object java.lang.invoke.Invokers$Holder.linkToTargetMethod(java.lang.Object, java.lang.Object, java.lang.Object, long, java.lang.Object)'> (0x00000000c59d0e60) 
thrown [s\src\hotspot\share\interpreter\linkResolver.cpp, line 759]
Event: 828.101 Thread 0x0000017cf3ffcad0 Exception <a 'java/lang/NoSuchMethodError'{0x00000000c55d33c8}: 'java.lang.Object java.lang.invoke.DirectMethodHandle$Holder.invokeStatic(java.lang.Object, int, int)'> (0x00000000c55d33c8) 
thrown [s\src\hotspot\share\interpreter\linkResolver.cpp, line 759]
Event: 830.058 Thread 0x0000017cf3ffa250 Exception <a 'java/lang/NoSuchMethodError'{0x00000000c8946400}: 'double java.lang.invoke.DelegatingMethodHandle$Holder.reinvoke_L(java.lang.Object, java.lang.Object, int)'> (0x00000000c8946400) 
thrown [s\src\hotspot\share\interpreter\linkResolver.cpp, line 759]
Event: 830.061 Thread 0x0000017cf3ffa250 Exception <a 'java/lang/NoSuchMethodError'{0x00000000c8950fe0}: 'void java.lang.invoke.DelegatingMethodHandle$Holder.reinvoke_L(java.lang.Object, java.lang.Object, double)'> (0x00000000c8950fe0) 
thrown [s\src\hotspot\share\interpreter\linkResolver.cpp, line 759]
Event: 830.063 Thread 0x0000017cf3ffa250 Exception <a 'java/lang/NoSuchMethodError'{0x00000000c895c950}: 'long java.lang.invoke.DirectMethodHandle$Holder.invokeStatic(java.lang.Object, java.lang.Object, int)'> (0x00000000c895c950) 
thrown [s\src\hotspot\share\interpreter\linkResolver.cpp, line 759]
Event: 830.065 Thread 0x0000017cf3ffa250 Exception <a 'java/lang/NoSuchMethodError'{0x00000000c896b570}: 'void java.lang.invoke.DelegatingMethodHandle$Holder.reinvoke_L(java.lang.Object, java.lang.Object, long)'> (0x00000000c896b570) 
thrown [s\src\hotspot\share\interpreter\linkResolver.cpp, line 759]

VM Operations (20 events):
Event: 1770.248 Executing VM operation: HandshakeAllThreads
Event: 1770.269 Executing VM operation: HandshakeAllThreads done
Event: 1770.269 Executing VM operation: Cleanup
Event: 1770.269 Executing VM operation: Cleanup done
Event: 1771.276 Executing VM operation: Cleanup
Event: 1771.278 Executing VM operation: Cleanup done
Event: 1772.281 Executing VM operation: Cleanup
Event: 1772.282 Executing VM operation: Cleanup done
Event: 1784.695 Executing VM operation: HandshakeAllThreads
Event: 1784.701 Executing VM operation: HandshakeAllThreads done
Event: 1789.107 Executing VM operation: HandshakeAllThreads
Event: 1789.107 Executing VM operation: HandshakeAllThreads done
Event: 1790.114 Executing VM operation: Cleanup
Event: 1790.115 Executing VM operation: Cleanup done
Event: 1799.181 Executing VM operation: Cleanup
Event: 1799.181 Executing VM operation: Cleanup done
Event: 1805.205 Executing VM operation: Cleanup
Event: 1805.205 Executing VM operation: Cleanup done
Event: 1816.294 Executing VM operation: Cleanup
Event: 1816.294 Executing VM operation: Cleanup done

Memory protections (0 events):
No events

Nmethod flushes (20 events):
Event: 1789.229 Thread 0x0000017cea1f7900 flushing  nmethod 0x0000017cd6ddde10
Event: 1789.229 Thread 0x0000017cea1f7900 flushing  nmethod 0x0000017cd6dde190
Event: 1789.229 Thread 0x0000017cea1f7900 flushing  nmethod 0x0000017cd6ddea90
Event: 1789.229 Thread 0x0000017cea1f7900 flushing  nmethod 0x0000017cd6df1090
Event: 1789.230 Thread 0x0000017cea1f7900 flushing  nmethod 0x0000017cd6df7190
Event: 1789.230 Thread 0x0000017cea1f7900 flushing  nmethod 0x0000017cd6e12d10
Event: 1789.230 Thread 0x0000017cea1f7900 flushing  nmethod 0x0000017cd6e27410
Event: 1789.231 Thread 0x0000017cea1f7900 flushing  nmethod 0x0000017cd6e3ee90
Event: 1789.231 Thread 0x0000017cea1f7900 flushing  nmethod 0x0000017cd6e49790
Event: 1789.231 Thread 0x0000017cea1f7900 flushing  nmethod 0x0000017cd6e4fa10
Event: 1789.231 Thread 0x0000017cea1f7900 flushing  nmethod 0x0000017cd6e51c90
Event: 1789.231 Thread 0x0000017cea1f7900 flushing  nmethod 0x0000017cd6e5de10
Event: 1789.231 Thread 0x0000017cea1f7900 flushing  nmethod 0x0000017cd6e5fa90
Event: 1789.231 Thread 0x0000017cea1f7900 flushing  nmethod 0x0000017cd6e67210
Event: 1789.233 Thread 0x0000017cea1f7900 flushing  nmethod 0x0000017cd6f38e90
Event: 1789.233 Thread 0x0000017cea1f7900 flushing  nmethod 0x0000017cd6faa190
Event: 1789.233 Thread 0x0000017cea1f7900 flushing  nmethod 0x0000017cd6fe8f10
Event: 1789.233 Thread 0x0000017cea1f7900 flushing  nmethod 0x0000017cd6ff2d10
Event: 1789.233 Thread 0x0000017cea1f7900 flushing  nmethod 0x0000017cd7034b90
Event: 1789.233 Thread 0x0000017cea1f7900 flushing osr nmethod 0x0000017cd7035390

Events (20 events):
Event: 30.099 Thread 0x0000017cccd247e0 Thread added: 0x0000017cf0623fd0
Event: 30.266 Thread 0x0000017cccd247e0 Thread exited: 0x0000017cccd247e0
Event: 30.266 Thread 0x0000017cf0620310 Thread added: 0x0000017cf0620310
Event: 30.487 Thread 0x0000017cf3ff6590 Thread added: 0x0000017cf06235b0
Event: 81.588 Thread 0x0000017cf1e8f150 Thread exited: 0x0000017cf1e8f150
Event: 828.586 Thread 0x0000017cf3ff5660 Thread added: 0x0000017cf0620d30
Event: 828.700 Thread 0x0000017cf3ff5660 Thread added: 0x0000017cf061eed0
Event: 828.701 Thread 0x0000017cf3ff5660 Thread added: 0x0000017cf06230a0
Event: 828.701 Thread 0x0000017cf3ff5660 Thread added: 0x0000017cf061d580
Event: 828.707 Thread 0x0000017cf06230a0 Thread added: 0x0000017cf0621240
Event: 828.737 Thread 0x0000017cf3ffcfe0 Thread added: 0x0000017cf0623ac0
Event: 828.737 Thread 0x0000017cf3ffcfe0 Thread added: 0x0000017cf0622680
Event: 828.738 Thread 0x0000017cf3ffcfe0 Thread added: 0x0000017cf0621750
Event: 888.719 Thread 0x0000017cf061d580 Thread exited: 0x0000017cf061d580
Event: 888.719 Thread 0x0000017cf061eed0 Thread exited: 0x0000017cf061eed0
Event: 888.719 Thread 0x0000017cf06230a0 Thread exited: 0x0000017cf06230a0
Event: 888.736 Thread 0x0000017cf0621240 Thread exited: 0x0000017cf0621240
Event: 888.764 Thread 0x0000017cf0621750 Thread exited: 0x0000017cf0621750
Event: 888.764 Thread 0x0000017cf0623ac0 Thread exited: 0x0000017cf0623ac0
Event: 888.780 Thread 0x0000017cf0622680 Thread exited: 0x0000017cf0622680


Dynamic libraries:
0x00007ff715ee0000 - 0x00007ff715eee000 	C:\Users\SAFA\AppData\Local\Programs\Eclipse Adoptium\jdk-17.0.15.6-hotspot\bin\java.exe
0x00007ffaee6d0000 - 0x00007ffaee8c8000 	C:\Windows\SYSTEM32\ntdll.dll
0x00007ffaedbd0000 - 0x00007ffaedc92000 	C:\Windows\System32\KERNEL32.DLL
0x00007ffaec0b0000 - 0x00007ffaec3a6000 	C:\Windows\System32\KERNELBASE.dll
0x00007ffaebf20000 - 0x00007ffaec020000 	C:\Windows\System32\ucrtbase.dll
0x00007ffae58c0000 - 0x00007ffae58d7000 	C:\Users\SAFA\AppData\Local\Programs\Eclipse Adoptium\jdk-17.0.15.6-hotspot\bin\jli.dll
0x00007ffaee230000 - 0x00007ffaee3d1000 	C:\Windows\System32\USER32.dll
0x00007ffaebd60000 - 0x00007ffaebd82000 	C:\Windows\System32\win32u.dll
0x00007ffaed2d0000 - 0x00007ffaed2fb000 	C:\Windows\System32\GDI32.dll
0x00007ffaec530000 - 0x00007ffaec649000 	C:\Windows\System32\gdi32full.dll
0x00007ffaec650000 - 0x00007ffaec6ed000 	C:\Windows\System32\msvcp_win.dll
0x00007ffae5d50000 - 0x00007ffae5d6e000 	C:\Users\SAFA\AppData\Local\Programs\Eclipse Adoptium\jdk-17.0.15.6-hotspot\bin\VCRUNTIME140.dll
0x00007ffadbcb0000 - 0x00007ffadbf4b000 	C:\Windows\WinSxS\amd64_microsoft.windows.common-controls_6595b64144ccf1df_6.0.19041.6456_none_60b8a6cb71f64256\COMCTL32.dll
0x00007ffaedca0000 - 0x00007ffaedd3e000 	C:\Windows\System32\msvcrt.dll
0x00007ffaece70000 - 0x00007ffaece9f000 	C:\Windows\System32\IMM32.DLL
0x00007ffae5880000 - 0x00007ffae588c000 	C:\Users\SAFA\AppData\Local\Programs\Eclipse Adoptium\jdk-17.0.15.6-hotspot\bin\vcruntime140_1.dll
0x00007ffac1fb0000 - 0x00007ffac203d000 	C:\Users\SAFA\AppData\Local\Programs\Eclipse Adoptium\jdk-17.0.15.6-hotspot\bin\msvcp140.dll
0x00007ffaa48a0000 - 0x00007ffaa550b000 	C:\Users\SAFA\AppData\Local\Programs\Eclipse Adoptium\jdk-17.0.15.6-hotspot\bin\server\jvm.dll
0x00007ffaed730000 - 0x00007ffaed7e1000 	C:\Windows\System32\ADVAPI32.dll
0x00007ffaee3e0000 - 0x00007ffaee47f000 	C:\Windows\System32\sechost.dll
0x00007ffaed1b0000 - 0x00007ffaed2d0000 	C:\Windows\System32\RPCRT4.dll
0x00007ffaebef0000 - 0x00007ffaebf17000 	C:\Windows\System32\bcrypt.dll
0x00007ffaedb60000 - 0x00007ffaedbcb000 	C:\Windows\System32\WS2_32.dll
0x00007ffaebbc0000 - 0x00007ffaebc0b000 	C:\Windows\SYSTEM32\POWRPROF.dll
0x00007ffadbff0000 - 0x00007ffadc017000 	C:\Windows\SYSTEM32\WINMM.dll
0x00007ffae5cd0000 - 0x00007ffae5cda000 	C:\Windows\SYSTEM32\VERSION.dll
0x00007ffaebba0000 - 0x00007ffaebbb2000 	C:\Windows\SYSTEM32\UMPDC.dll
0x00007ffaea570000 - 0x00007ffaea582000 	C:\Windows\SYSTEM32\kernel.appcore.dll
0x00007ffad9600000 - 0x00007ffad960a000 	C:\Users\SAFA\AppData\Local\Programs\Eclipse Adoptium\jdk-17.0.15.6-hotspot\bin\jimage.dll
0x00007ffae9aa0000 - 0x00007ffae9ca1000 	C:\Windows\SYSTEM32\DBGHELP.DLL
0x00007ffada1c0000 - 0x00007ffada1f4000 	C:\Windows\SYSTEM32\dbgcore.DLL
0x00007ffaec020000 - 0x00007ffaec0a2000 	C:\Windows\System32\bcryptPrimitives.dll
0x00007ffad68e0000 - 0x00007ffad68ee000 	C:\Users\SAFA\AppData\Local\Programs\Eclipse Adoptium\jdk-17.0.15.6-hotspot\bin\instrument.dll
0x00007ffad78f0000 - 0x00007ffad7915000 	C:\Users\SAFA\AppData\Local\Programs\Eclipse Adoptium\jdk-17.0.15.6-hotspot\bin\java.dll
0x00007ffabf9f0000 - 0x00007ffabfac7000 	C:\Users\SAFA\AppData\Local\Programs\Eclipse Adoptium\jdk-17.0.15.6-hotspot\bin\jsvml.dll
0x00007ffaec700000 - 0x00007ffaece70000 	C:\Windows\System32\SHELL32.dll
0x00007ffae9cb0000 - 0x00007ffaea455000 	C:\Windows\SYSTEM32\windows.storage.dll
0x00007ffaed7f0000 - 0x00007ffaedb44000 	C:\Windows\System32\combase.dll
0x00007ffaeb6b0000 - 0x00007ffaeb6db000 	C:\Windows\SYSTEM32\Wldp.dll
0x00007ffaed360000 - 0x00007ffaed42d000 	C:\Windows\System32\OLEAUT32.dll
0x00007ffaecf80000 - 0x00007ffaed02d000 	C:\Windows\System32\SHCORE.dll
0x00007ffaed300000 - 0x00007ffaed35b000 	C:\Windows\System32\shlwapi.dll
0x00007ffaebc90000 - 0x00007ffaebcb4000 	C:\Windows\SYSTEM32\profapi.dll
0x00007ffac7290000 - 0x00007ffac72a8000 	C:\Users\SAFA\AppData\Local\Programs\Eclipse Adoptium\jdk-17.0.15.6-hotspot\bin\zip.dll
0x00007ffad95e0000 - 0x00007ffad95f9000 	C:\Users\SAFA\AppData\Local\Programs\Eclipse Adoptium\jdk-17.0.15.6-hotspot\bin\net.dll
0x00007ffae4650000 - 0x00007ffae475a000 	C:\Windows\SYSTEM32\WINHTTP.dll
0x00007ffaeb410000 - 0x00007ffaeb47a000 	C:\Windows\system32\mswsock.dll
0x00007ffad7cb0000 - 0x00007ffad7cc6000 	C:\Users\SAFA\AppData\Local\Programs\Eclipse Adoptium\jdk-17.0.15.6-hotspot\bin\nio.dll
0x00007ffac4630000 - 0x00007ffac464a000 	C:\Program Files\JetBrains\IntelliJ IDEA Community Edition 2024.1.4\bin\breakgen64.dll
0x00007ffad68d0000 - 0x00007ffad68d9000 	C:\Users\SAFA\AppData\Local\Programs\Eclipse Adoptium\jdk-17.0.15.6-hotspot\bin\extnet.dll
0x00007ffac1f40000 - 0x00007ffac1f4e000 	C:\Users\SAFA\AppData\Local\Programs\Eclipse Adoptium\jdk-17.0.15.6-hotspot\bin\sunmscapi.dll
0x00007ffaebd90000 - 0x00007ffaebeed000 	C:\Windows\System32\CRYPT32.dll
0x00007ffaeb720000 - 0x00007ffaeb747000 	C:\Windows\SYSTEM32\ncrypt.dll
0x00007ffaeb6e0000 - 0x00007ffaeb71b000 	C:\Windows\SYSTEM32\NTASN1.dll
0x00007ffaeb610000 - 0x00007ffaeb628000 	C:\Windows\SYSTEM32\CRYPTSP.dll
0x00007ffaead30000 - 0x00007ffaead68000 	C:\Windows\system32\rsaenh.dll
0x00007ffaebc50000 - 0x00007ffaebc7e000 	C:\Windows\SYSTEM32\USERENV.dll
0x00007ffaeb600000 - 0x00007ffaeb60c000 	C:\Windows\SYSTEM32\CRYPTBASE.dll
0x00007ffaeb0f0000 - 0x00007ffaeb12b000 	C:\Windows\SYSTEM32\IPHLPAPI.DLL
0x00007ffaedb50000 - 0x00007ffaedb58000 	C:\Windows\System32\NSI.dll
0x00007ffae2e40000 - 0x00007ffae2e57000 	C:\Windows\SYSTEM32\dhcpcsvc6.DLL
0x00007ffae4050000 - 0x00007ffae406d000 	C:\Windows\SYSTEM32\dhcpcsvc.DLL
0x00007ffaeb130000 - 0x00007ffaeb1fa000 	C:\Windows\SYSTEM32\DNSAPI.dll
0x00007ffac1f30000 - 0x00007ffac1f3a000 	C:\Users\SAFA\AppData\Local\Programs\Eclipse Adoptium\jdk-17.0.15.6-hotspot\bin\management.dll
0x00007ffac1f20000 - 0x00007ffac1f2b000 	C:\Users\SAFA\AppData\Local\Programs\Eclipse Adoptium\jdk-17.0.15.6-hotspot\bin\management_ext.dll
0x00007ffaed490000 - 0x00007ffaed498000 	C:\Windows\System32\PSAPI.DLL
0x00007ffadd600000 - 0x00007ffadd60a000 	C:\Windows\System32\rasadhlp.dll
0x00007ffadd690000 - 0x00007ffadd710000 	C:\Windows\System32\fwpuclnt.dll
0x00007ffae6a00000 - 0x00007ffae6a07000 	C:\Windows\system32\wshunix.dll

dbghelp: loaded successfully - version: 4.0.5 - missing functions: none
symbol engine: initialized successfully - sym options: 0x614 - pdb path: .;C:\Users\SAFA\AppData\Local\Programs\Eclipse Adoptium\jdk-17.0.15.6-hotspot\bin;C:\Windows\SYSTEM32;C:\Windows\WinSxS\amd64_microsoft.windows.common-controls_6595b64144ccf1df_6.0.19041.6456_none_60b8a6cb71f64256;C:\Users\SAFA\AppData\Local\Programs\Eclipse Adoptium\jdk-17.0.15.6-hotspot\bin\server;C:\Program Files\JetBrains\IntelliJ IDEA Community Edition 2024.1.4\bin

VM Arguments:
jvm_args: -javaagent:C:\Program Files\JetBrains\IntelliJ IDEA Community Edition 2024.1.4\lib\idea_rt.jar=65289:C:\Program Files\JetBrains\IntelliJ IDEA Community Edition 2024.1.4\bin -Dfile.encoding=UTF-8 
java_command: com.example.PFE.PfeApplication
java_class_path (initial): C:\Users\SAFA\Desktop\PFE-CETTEX\PFE-back-end\PFE\target\classes;C:\Users\SAFA\.m2\repository\org\springframework\boot\spring-boot-starter-validation\4.0.2\spring-boot-starter-validation-4.0.2.jar;C:\Users\SAFA\.m2\repository\org\springframework\boot\spring-boot-starter\4.0.2\spring-boot-starter-4.0.2.jar;C:\Users\SAFA\.m2\repository\org\springframework\boot\spring-boot-starter-logging\4.0.2\spring-boot-starter-logging-4.0.2.jar;C:\Users\SAFA\.m2\repository\ch\qos\logback\logback-classic\1.5.25\logback-classic-1.5.25.jar;C:\Users\SAFA\.m2\repository\ch\qos\logback\logback-core\1.5.25\logback-core-1.5.25.jar;C:\Users\SAFA\.m2\repository\org\apache\logging\log4j\log4j-to-slf4j\2.25.3\log4j-to-slf4j-2.25.3.jar;C:\Users\SAFA\.m2\repository\org\slf4j\jul-to-slf4j\2.0.17\jul-to-slf4j-2.0.17.jar;C:\Users\SAFA\.m2\repository\org\springframework\boot\spring-boot-autoconfigure\4.0.2\spring-boot-autoconfigure-4.0.2.jar;C:\Users\SAFA\.m2\repository\jakarta\annotation\jakarta.annotation-api\3.0.0\jakarta.annotation-api-3.0.0.jar;C:\Users\SAFA\.m2\repository\org\yaml\snakeyaml\2.5\snakeyaml-2.5.jar;C:\Users\SAFA\.m2\repository\org\springframework\boot\spring-boot-validation\4.0.2\spring-boot-validation-4.0.2.jar;C:\Users\SAFA\.m2\repository\org\springframework\boot\spring-boot\4.0.2\spring-boot-4.0.2.jar;C:\Users\SAFA\.m2\repository\org\apache\tomcat\embed\tomcat-embed-el\11.0.15\tomcat-embed-el-11.0.15.jar;C:\Users\SAFA\.m2\repository\org\hibernate\validator\hibernate-validator\9.0.1.Final\hibernate-validator-9.0.1.Final.jar;C:\Users\SAFA\.m2\repository\jakarta\validation\jakarta.validation-api\3.1.1\jakarta.validation-api-3.1.1.jar;C:\Users\SAFA\.m2\repository\org\jboss\logging\jboss-logging\3.6.1.Final\jboss-logging-3.6.1.Final.jar;C:\Users\SAFA\.m2\repository\com\fasterxml\classmate\1.7.3\classmate-1.7.3.jar;C:\Users\SAFA\.m2\repository\com\github\librepdf\openpdf\1.3.39\openpdf-1.3.39.jar;C:\Users\SAFA\.m2\repository\org\apache\pdfbox\pdfbox\2.0.
Launcher Type: SUN_STANDARD

[Global flags]
     intx CICompilerCount                          = 3                                         {product} {ergonomic}
     uint ConcGCThreads                            = 1                                         {product} {ergonomic}
     uint G1ConcRefinementThreads                  = 4                                         {product} {ergonomic}
   size_t G1HeapRegionSize                         = 1048576                                   {product} {ergonomic}
    uintx GCDrainStackTargetSize                   = 64                                        {product} {ergonomic}
   size_t InitialHeapSize                          = 67108864                                  {product} {ergonomic}
   size_t MarkStackSize                            = 4194304                                   {product} {ergonomic}
   size_t MaxHeapSize                              = 1042284544                                {product} {ergonomic}
   size_t MaxNewSize                               = 624951296                                 {product} {ergonomic}
   size_t MinHeapDeltaBytes                        = 1048576                                   {product} {ergonomic}
   size_t MinHeapSize                              = 8388608                                   {product} {ergonomic}
    uintx NonNMethodCodeHeapSize                   = 5832780                                {pd product} {ergonomic}
    uintx NonProfiledCodeHeapSize                  = 122912730                              {pd product} {ergonomic}
    uintx ProfiledCodeHeapSize                     = 122912730                              {pd product} {ergonomic}
    uintx ReservedCodeCacheSize                    = 251658240                              {pd product} {ergonomic}
     bool SegmentedCodeCache                       = true                                      {product} {ergonomic}
   size_t SoftMaxHeapSize                          = 1042284544                             {manageable} {ergonomic}
     bool UseCompressedClassPointers               = true                           {product lp64_product} {ergonomic}
     bool UseCompressedOops                        = true                           {product lp64_product} {ergonomic}
     bool UseG1GC                                  = true                                      {product} {ergonomic}
     bool UseLargePagesIndividualAllocation        = false                                  {pd product} {ergonomic}

Logging:
Log output configuration:
 #0: stdout all=warning uptime,level,tags
 #1: stderr all=off uptime,level,tags

Environment Variables:
JAVA_HOME=C:\Users\SAFA\AppData\Local\Programs\Eclipse Adoptium\jdk-21.0.10.7-hotspot\
PATH=C:\Python313\Scripts\;C:\Python313\;"C:\xampp\php;C:\Program Files\Common Files\Oracle\Java\javapath";C:\app\SAFA\product\18.0.0\dbhomeXE\bin;C:\Windows\system32;C:\Windows;C:\Windows\System32\Wbem;C:\Windows\System32\WindowsPowerShell\v1.0\;C:\Windows\System32\OpenSSH\;C:\Program Files\PuTTY\;C:\Users\SAFA\AppData\Local\nvm;C:\Users\SAFA\AppData\Roaming\nodejs;C:\Program Files\nodejs\;C:\ProgramData\chocolatey\bin;C:\Users\SAFA\AppData\Local\Programs\Eclipse Adoptium\jdk-17.0.15.6-hotspot\\bin;C:\Users\SAFA\AppData\Local\Programs\Eclipse Adoptium\jdk-17.0.15.6-hotspot\;C:\Program Files\apache-maven-3.9.10\bin;%MAVEN_HOME%\bin;C:\Program Files\MySQL\MySQL Server 8.0\bin;C:\Program Files\Git\cmd;C:\flutter\bin;C:\Users\SAFA\AppData\Local\Programs\Eclipse Adoptium\jdk-21.0.10.7-hotspot\;C:\Users\SAFA\AppData\Local\Programs\Eclipse Adoptium\jdk-21.0.10.7-hotspot\bin;C:\Program Files\MySQL\MySQL Shell 8.0\bin\;C:\Users\SAFA\AppData\Local\Programs\Eclipse Adoptium\jdk-17.0.15.6-hotspot\bin;C:\Users\SAFA\AppData\Local\Microsoft\WindowsApps;C:\Program Files\OpenSSL-Win64\bin;C:\Users\SAFA\AppData\Local\Programs\Microsoft VS Code\bin;C:\xampp\php;C:\Users\SAFA\AppData\Local\nvm;C:\Users\SAFA\AppData\Roaming\nodejs;C:\nvm4w;C:\Users\SAFA\AppData\Roaming\npm;C:\Program Files\JetBrains\IntelliJ IDEA Community Edition 2024.1.4\bin;;C:\flutter\bin;C:\Users\SAFA\Desktop\Antigravity\bin
USERNAME=SAFA
OS=Windows_NT
PROCESSOR_IDENTIFIER=Intel64 Family 6 Model 142 Stepping 9, GenuineIntel
TMP=C:\Users\SAFA\AppData\Local\Temp
TEMP=C:\Users\SAFA\AppData\Local\Temp



Periodic native trim disabled


---------------  S Y S T E M  ---------------

OS:
 Windows 10 , 64 bit Build 19041 (10.0.19041.5915)
OS uptime: 0 days 23:09 hours

CPU: total 4 (initial active 4) (2 cores per cpu, 2 threads per core) family 6 model 142 stepping 9 microcode 0xb4, cx8, cmov, fxsr, ht, mmx, 3dnowpref, sse, sse2, sse3, ssse3, sse4.1, sse4.2, popcnt, lzcnt, tsc, tscinvbit, avx, avx2, aes, erms, clmul, bmi1, bmi2, adx, fma, vzeroupper, clflush, clflushopt
Processor Information for all 4 processors :
  Max Mhz: 2304, Current Mhz: 2304, Mhz Limit: 2304

Memory: 4k page, system-wide physical 3975M (79M free)
TotalPageFile size 16263M (AvailPageFile size 0M)
current process WorkingSet (physical memory assigned to process): 73M, peak: 266M
current process commit charge ("private bytes"): 298M, peak: 308M

vm_info: OpenJDK 64-Bit Server VM (17.0.15+6) for windows-amd64 JRE (17.0.15+6), built on Apr 15 2025 21:25:47 by "admin" with MS VC++ 17.7 (VS2022)

END.
