#
# There is insufficient memory for the Java Runtime Environment to continue.
# Native memory allocation (malloc) failed to allocate 405696 bytes. Error detail: Chunk::new
# Possible reasons:
#   The system is out of physical RAM or swap space
#   This process is running with CompressedOops enabled, and the Java Heap may be blocking the growth of the native heap
# Possible solutions:
#   Reduce memory load on the system
#   Increase physical memory or swap space
#   Check if swap backing store is full
#   Decrease Java heap size (-Xmx/-Xms)
#   Decrease number of Java threads
#   Decrease Java thread stack sizes (-Xss)
#   Set larger code cache with -XX:ReservedCodeCacheSize=
#   JVM is running with Unscaled Compressed Oops mode in which the Java heap is
#     placed in the first 4GB address space. The Java Heap base address is the
#     maximum limit for the native heap growth. Please use -XX:HeapBaseMinAddress
#     to set the Java Heap base and to place the Java Heap above 4GB virtual address.
# This output file may be truncated or incomplete.
#
#  Out of Memory Error (arena.cpp:191), pid=17156, tid=12444
#
# JRE version: OpenJDK Runtime Environment Temurin-17.0.15+6 (17.0.15+6) (build 17.0.15+6)
# Java VM: OpenJDK 64-Bit Server VM Temurin-17.0.15+6 (17.0.15+6, mixed mode, sharing, tiered, compressed oops, compressed class ptrs, g1 gc, windows-amd64)
# No core dump will be written. Minidumps are not enabled by default on client versions of Windows
#

---------------  S U M M A R Y ------------

Command Line: -javaagent:C:\Program Files\JetBrains\IntelliJ IDEA Community Edition 2024.1.4\lib\idea_rt.jar=63248:C:\Program Files\JetBrains\IntelliJ IDEA Community Edition 2024.1.4\bin -Dfile.encoding=UTF-8 com.example.PFE.PfeApplication

Host: Intel(R) Core(TM) i3-7020U CPU @ 2.30GHz, 4 cores, 3G,  Windows 10 , 64 bit Build 19041 (10.0.19041.5915)
Time: Thu Apr 30 17:16:59 2026 W. Central Africa Standard Time elapsed time: 1.339167 seconds (0d 0h 0m 1s)

---------------  T H R E A D  ---------------

Current thread (0x0000025053146690):  JavaThread "C2 CompilerThread0" daemon [_thread_in_native, id=12444, stack(0x000000a8f6c00000,0x000000a8f6d00000)]


Current CompileTask:
C2:   1339  528       4       java.util.jar.JarFile::getEntry (35 bytes)

Stack: [0x000000a8f6c00000,0x000000a8f6d00000]
Native frames: (J=compiled Java code, j=interpreted, Vv=VM code, C=native code)
V  [jvm.dll+0x682fc9]
V  [jvm.dll+0x839878]
V  [jvm.dll+0x83b323]
V  [jvm.dll+0x83b993]
V  [jvm.dll+0x24725f]
V  [jvm.dll+0xacea4]
V  [jvm.dll+0xad53c]
V  [jvm.dll+0x365c6e]
V  [jvm.dll+0x32fe58]
V  [jvm.dll+0x32f2da]
V  [jvm.dll+0x21824f]
V  [jvm.dll+0x21768f]
V  [jvm.dll+0x1a31b0]
V  [jvm.dll+0x227a9c]
V  [jvm.dll+0x225bfb]
V  [jvm.dll+0x7ef018]
V  [jvm.dll+0x7e94dc]
V  [jvm.dll+0x681ea7]
C  [ucrtbase.dll+0x21bb2]
C  [KERNEL32.DLL+0x17374]
C  [ntdll.dll+0x4cc91]


---------------  P R O C E S S  ---------------

Threads class SMR info:
_java_thread_list=0x00000250534e0930, length=13, elements={
0x00000250761c9600, 0x000002505312a4e0, 0x000002505312bb00, 0x000002505313f290,
0x0000025053141e70, 0x0000025053144fe0, 0x00000250531459a0, 0x0000025053146690,
0x00000250531478e0, 0x000002505314eed0, 0x000002505334f4a0, 0x00000250534e0e80,
0x0000025053891330
}

Java Threads: ( => current thread )
  0x00000250761c9600 JavaThread "main" [_thread_in_vm, id=6840, stack(0x000000a8f5f00000,0x000000a8f6000000)]
  0x000002505312a4e0 JavaThread "Reference Handler" daemon [_thread_blocked, id=16980, stack(0x000000a8f6600000,0x000000a8f6700000)]
  0x000002505312bb00 JavaThread "Finalizer" daemon [_thread_blocked, id=4244, stack(0x000000a8f6700000,0x000000a8f6800000)]
  0x000002505313f290 JavaThread "Signal Dispatcher" daemon [_thread_blocked, id=1396, stack(0x000000a8f6800000,0x000000a8f6900000)]
  0x0000025053141e70 JavaThread "Attach Listener" daemon [_thread_blocked, id=16068, stack(0x000000a8f6900000,0x000000a8f6a00000)]
  0x0000025053144fe0 JavaThread "Service Thread" daemon [_thread_blocked, id=14872, stack(0x000000a8f6a00000,0x000000a8f6b00000)]
  0x00000250531459a0 JavaThread "Monitor Deflation Thread" daemon [_thread_blocked, id=13724, stack(0x000000a8f6b00000,0x000000a8f6c00000)]
=>0x0000025053146690 JavaThread "C2 CompilerThread0" daemon [_thread_in_native, id=12444, stack(0x000000a8f6c00000,0x000000a8f6d00000)]
  0x00000250531478e0 JavaThread "C1 CompilerThread0" daemon [_thread_blocked, id=6448, stack(0x000000a8f6d00000,0x000000a8f6e00000)]
  0x000002505314eed0 JavaThread "Sweeper thread" daemon [_thread_blocked, id=14176, stack(0x000000a8f6e00000,0x000000a8f6f00000)]
  0x000002505334f4a0 JavaThread "Common-Cleaner" daemon [_thread_blocked, id=4796, stack(0x000000a8f6f00000,0x000000a8f7000000)]
  0x00000250534e0e80 JavaThread "Monitor Ctrl-Break" daemon [_thread_in_native, id=14096, stack(0x000000a8f7000000,0x000000a8f7100000)]
  0x0000025053891330 JavaThread "Notification Thread" daemon [_thread_blocked, id=920, stack(0x000000a8f7100000,0x000000a8f7200000)]

Other Threads:
  0x0000025053125fe0 VMThread "VM Thread" [stack: 0x000000a8f6500000,0x000000a8f6600000] [id=10356]
  0x00000250538944b0 WatcherThread [stack: 0x000000a8f7200000,0x000000a8f7300000] [id=6688]
  0x0000025076200c60 GCTaskThread "GC Thread#0" [stack: 0x000000a8f6000000,0x000000a8f6100000] [id=13028]
  0x00000250740ed140 ConcurrentGCThread "G1 Main Marker" [stack: 0x000000a8f6100000,0x000000a8f6200000] [id=16216]
  0x00000250740ed970 ConcurrentGCThread "G1 Conc#0" [stack: 0x000000a8f6200000,0x000000a8f6300000] [id=3064]
  0x00000250762556e0 ConcurrentGCThread "G1 Refine#0" [stack: 0x000000a8f6300000,0x000000a8f6400000] [id=1780]
  0x0000025076257120 ConcurrentGCThread "G1 Service" [stack: 0x000000a8f6400000,0x000000a8f6500000] [id=1672]

Threads with active compile tasks:
C2 CompilerThread0     1418  528       4       java.util.jar.JarFile::getEntry (35 bytes)

VM state: not at safepoint (normal execution)

VM Mutex/Monitor currently owned by a thread: None

Heap address: 0x00000000c1e00000, size: 994 MB, Compressed Oops mode: 32-bit

CDS archive(s) mapped at: [0x0000025012000000-0x0000025012bb0000-0x0000025012bb0000), size 12255232, SharedBaseAddress: 0x0000025012000000, ArchiveRelocationMode: 1.
Compressed class space mapped at: 0x0000025013000000-0x0000025053000000, reserved size: 1073741824
Narrow klass base: 0x0000025012000000, Narrow klass shift: 0, Narrow klass range: 0x100000000

GC Precious Log:
 CPUs: 4 total, 4 available
 Memory: 3975M
 Large Page Support: Disabled
 NUMA Support: Disabled
 Compressed Oops: Enabled (32-bit)
 Heap Region Size: 1M
 Heap Min Capacity: 8M
 Heap Initial Capacity: 64M
 Heap Max Capacity: 994M
 Pre-touch: Disabled
 Parallel Workers: 4
 Concurrent Workers: 1
 Concurrent Refinement Workers: 4
 Periodic GC: Disabled

Heap:
 garbage-first heap   total 65536K, used 11264K [0x00000000c1e00000, 0x0000000100000000)
  region size 1024K, 13 young (13312K), 0 survivors (0K)
 Metaspace       used 1997K, committed 2176K, reserved 1114112K
  class space    used 174K, committed 256K, reserved 1048576K

Heap Regions: E=young(eden), S=young(survivor), O=old, HS=humongous(starts), HC=humongous(continues), CS=collection set, F=free, OA=open archive, CA=closed archive, TAMS=top-at-mark-start (previous, next)
|   0|0x00000000c1e00000, 0x00000000c1e00000, 0x00000000c1f00000|  0%| F|  |TAMS 0x00000000c1e00000, 0x00000000c1e00000| Untracked 
|   1|0x00000000c1f00000, 0x00000000c1f00000, 0x00000000c2000000|  0%| F|  |TAMS 0x00000000c1f00000, 0x00000000c1f00000| Untracked 
|   2|0x00000000c2000000, 0x00000000c2000000, 0x00000000c2100000|  0%| F|  |TAMS 0x00000000c2000000, 0x00000000c2000000| Untracked 
|   3|0x00000000c2100000, 0x00000000c2100000, 0x00000000c2200000|  0%| F|  |TAMS 0x00000000c2100000, 0x00000000c2100000| Untracked 
|   4|0x00000000c2200000, 0x00000000c2200000, 0x00000000c2300000|  0%| F|  |TAMS 0x00000000c2200000, 0x00000000c2200000| Untracked 
|   5|0x00000000c2300000, 0x00000000c2300000, 0x00000000c2400000|  0%| F|  |TAMS 0x00000000c2300000, 0x00000000c2300000| Untracked 
|   6|0x00000000c2400000, 0x00000000c2400000, 0x00000000c2500000|  0%| F|  |TAMS 0x00000000c2400000, 0x00000000c2400000| Untracked 
|   7|0x00000000c2500000, 0x00000000c2500000, 0x00000000c2600000|  0%| F|  |TAMS 0x00000000c2500000, 0x00000000c2500000| Untracked 
|   8|0x00000000c2600000, 0x00000000c2600000, 0x00000000c2700000|  0%| F|  |TAMS 0x00000000c2600000, 0x00000000c2600000| Untracked 
|   9|0x00000000c2700000, 0x00000000c2700000, 0x00000000c2800000|  0%| F|  |TAMS 0x00000000c2700000, 0x00000000c2700000| Untracked 
|  10|0x00000000c2800000, 0x00000000c2800000, 0x00000000c2900000|  0%| F|  |TAMS 0x00000000c2800000, 0x00000000c2800000| Untracked 
|  11|0x00000000c2900000, 0x00000000c2900000, 0x00000000c2a00000|  0%| F|  |TAMS 0x00000000c2900000, 0x00000000c2900000| Untracked 
|  12|0x00000000c2a00000, 0x00000000c2a00000, 0x00000000c2b00000|  0%| F|  |TAMS 0x00000000c2a00000, 0x00000000c2a00000| Untracked 
|  13|0x00000000c2b00000, 0x00000000c2b00000, 0x00000000c2c00000|  0%| F|  |TAMS 0x00000000c2b00000, 0x00000000c2b00000| Untracked 
|  14|0x00000000c2c00000, 0x00000000c2c00000, 0x00000000c2d00000|  0%| F|  |TAMS 0x00000000c2c00000, 0x00000000c2c00000| Untracked 
|  15|0x00000000c2d00000, 0x00000000c2d00000, 0x00000000c2e00000|  0%| F|  |TAMS 0x00000000c2d00000, 0x00000000c2d00000| Untracked 
|  16|0x00000000c2e00000, 0x00000000c2e00000, 0x00000000c2f00000|  0%| F|  |TAMS 0x00000000c2e00000, 0x00000000c2e00000| Untracked 
|  17|0x00000000c2f00000, 0x00000000c2f00000, 0x00000000c3000000|  0%| F|  |TAMS 0x00000000c2f00000, 0x00000000c2f00000| Untracked 
|  18|0x00000000c3000000, 0x00000000c3000000, 0x00000000c3100000|  0%| F|  |TAMS 0x00000000c3000000, 0x00000000c3000000| Untracked 
|  19|0x00000000c3100000, 0x00000000c3100000, 0x00000000c3200000|  0%| F|  |TAMS 0x00000000c3100000, 0x00000000c3100000| Untracked 
|  20|0x00000000c3200000, 0x00000000c3200000, 0x00000000c3300000|  0%| F|  |TAMS 0x00000000c3200000, 0x00000000c3200000| Untracked 
|  21|0x00000000c3300000, 0x00000000c3300000, 0x00000000c3400000|  0%| F|  |TAMS 0x00000000c3300000, 0x00000000c3300000| Untracked 
|  22|0x00000000c3400000, 0x00000000c3400000, 0x00000000c3500000|  0%| F|  |TAMS 0x00000000c3400000, 0x00000000c3400000| Untracked 
|  23|0x00000000c3500000, 0x00000000c3500000, 0x00000000c3600000|  0%| F|  |TAMS 0x00000000c3500000, 0x00000000c3500000| Untracked 
|  24|0x00000000c3600000, 0x00000000c3600000, 0x00000000c3700000|  0%| F|  |TAMS 0x00000000c3600000, 0x00000000c3600000| Untracked 
|  25|0x00000000c3700000, 0x00000000c3700000, 0x00000000c3800000|  0%| F|  |TAMS 0x00000000c3700000, 0x00000000c3700000| Untracked 
|  26|0x00000000c3800000, 0x00000000c3800000, 0x00000000c3900000|  0%| F|  |TAMS 0x00000000c3800000, 0x00000000c3800000| Untracked 
|  27|0x00000000c3900000, 0x00000000c3900000, 0x00000000c3a00000|  0%| F|  |TAMS 0x00000000c3900000, 0x00000000c3900000| Untracked 
|  28|0x00000000c3a00000, 0x00000000c3a00000, 0x00000000c3b00000|  0%| F|  |TAMS 0x00000000c3a00000, 0x00000000c3a00000| Untracked 
|  29|0x00000000c3b00000, 0x00000000c3b00000, 0x00000000c3c00000|  0%| F|  |TAMS 0x00000000c3b00000, 0x00000000c3b00000| Untracked 
|  30|0x00000000c3c00000, 0x00000000c3c00000, 0x00000000c3d00000|  0%| F|  |TAMS 0x00000000c3c00000, 0x00000000c3c00000| Untracked 
|  31|0x00000000c3d00000, 0x00000000c3d00000, 0x00000000c3e00000|  0%| F|  |TAMS 0x00000000c3d00000, 0x00000000c3d00000| Untracked 
|  32|0x00000000c3e00000, 0x00000000c3e00000, 0x00000000c3f00000|  0%| F|  |TAMS 0x00000000c3e00000, 0x00000000c3e00000| Untracked 
|  33|0x00000000c3f00000, 0x00000000c3f00000, 0x00000000c4000000|  0%| F|  |TAMS 0x00000000c3f00000, 0x00000000c3f00000| Untracked 
|  34|0x00000000c4000000, 0x00000000c4000000, 0x00000000c4100000|  0%| F|  |TAMS 0x00000000c4000000, 0x00000000c4000000| Untracked 
|  35|0x00000000c4100000, 0x00000000c4100000, 0x00000000c4200000|  0%| F|  |TAMS 0x00000000c4100000, 0x00000000c4100000| Untracked 
|  36|0x00000000c4200000, 0x00000000c4200000, 0x00000000c4300000|  0%| F|  |TAMS 0x00000000c4200000, 0x00000000c4200000| Untracked 
|  37|0x00000000c4300000, 0x00000000c4300000, 0x00000000c4400000|  0%| F|  |TAMS 0x00000000c4300000, 0x00000000c4300000| Untracked 
|  38|0x00000000c4400000, 0x00000000c4400000, 0x00000000c4500000|  0%| F|  |TAMS 0x00000000c4400000, 0x00000000c4400000| Untracked 
|  39|0x00000000c4500000, 0x00000000c4500000, 0x00000000c4600000|  0%| F|  |TAMS 0x00000000c4500000, 0x00000000c4500000| Untracked 
|  40|0x00000000c4600000, 0x00000000c4600000, 0x00000000c4700000|  0%| F|  |TAMS 0x00000000c4600000, 0x00000000c4600000| Untracked 
|  41|0x00000000c4700000, 0x00000000c4700000, 0x00000000c4800000|  0%| F|  |TAMS 0x00000000c4700000, 0x00000000c4700000| Untracked 
|  42|0x00000000c4800000, 0x00000000c4800000, 0x00000000c4900000|  0%| F|  |TAMS 0x00000000c4800000, 0x00000000c4800000| Untracked 
|  43|0x00000000c4900000, 0x00000000c4900000, 0x00000000c4a00000|  0%| F|  |TAMS 0x00000000c4900000, 0x00000000c4900000| Untracked 
|  44|0x00000000c4a00000, 0x00000000c4a00000, 0x00000000c4b00000|  0%| F|  |TAMS 0x00000000c4a00000, 0x00000000c4a00000| Untracked 
|  45|0x00000000c4b00000, 0x00000000c4b00000, 0x00000000c4c00000|  0%| F|  |TAMS 0x00000000c4b00000, 0x00000000c4b00000| Untracked 
|  46|0x00000000c4c00000, 0x00000000c4c00000, 0x00000000c4d00000|  0%| F|  |TAMS 0x00000000c4c00000, 0x00000000c4c00000| Untracked 
|  47|0x00000000c4d00000, 0x00000000c4d00000, 0x00000000c4e00000|  0%| F|  |TAMS 0x00000000c4d00000, 0x00000000c4d00000| Untracked 
|  48|0x00000000c4e00000, 0x00000000c4e00000, 0x00000000c4f00000|  0%| F|  |TAMS 0x00000000c4e00000, 0x00000000c4e00000| Untracked 
|  49|0x00000000c4f00000, 0x00000000c4f00000, 0x00000000c5000000|  0%| F|  |TAMS 0x00000000c4f00000, 0x00000000c4f00000| Untracked 
|  50|0x00000000c5000000, 0x00000000c5000000, 0x00000000c5100000|  0%| F|  |TAMS 0x00000000c5000000, 0x00000000c5000000| Untracked 
|  51|0x00000000c5100000, 0x00000000c5142928, 0x00000000c5200000| 26%| E|  |TAMS 0x00000000c5100000, 0x00000000c5100000| Complete 
|  52|0x00000000c5200000, 0x00000000c5300000, 0x00000000c5300000|100%| E|CS|TAMS 0x00000000c5200000, 0x00000000c5200000| Complete 
|  53|0x00000000c5300000, 0x00000000c5400000, 0x00000000c5400000|100%| E|CS|TAMS 0x00000000c5300000, 0x00000000c5300000| Complete 
|  54|0x00000000c5400000, 0x00000000c5500000, 0x00000000c5500000|100%| E|CS|TAMS 0x00000000c5400000, 0x00000000c5400000| Complete 
|  55|0x00000000c5500000, 0x00000000c5600000, 0x00000000c5600000|100%| E|CS|TAMS 0x00000000c5500000, 0x00000000c5500000| Complete 
|  56|0x00000000c5600000, 0x00000000c5700000, 0x00000000c5700000|100%| E|  |TAMS 0x00000000c5600000, 0x00000000c5600000| Complete 
|  57|0x00000000c5700000, 0x00000000c5800000, 0x00000000c5800000|100%| E|CS|TAMS 0x00000000c5700000, 0x00000000c5700000| Complete 
|  58|0x00000000c5800000, 0x00000000c5900000, 0x00000000c5900000|100%| E|CS|TAMS 0x00000000c5800000, 0x00000000c5800000| Complete 
|  59|0x00000000c5900000, 0x00000000c5a00000, 0x00000000c5a00000|100%| E|CS|TAMS 0x00000000c5900000, 0x00000000c5900000| Complete 
|  60|0x00000000c5a00000, 0x00000000c5b00000, 0x00000000c5b00000|100%| E|CS|TAMS 0x00000000c5a00000, 0x00000000c5a00000| Complete 
|  61|0x00000000c5b00000, 0x00000000c5c00000, 0x00000000c5c00000|100%| E|CS|TAMS 0x00000000c5b00000, 0x00000000c5b00000| Complete 
|  62|0x00000000c5c00000, 0x00000000c5d00000, 0x00000000c5d00000|100%| E|CS|TAMS 0x00000000c5c00000, 0x00000000c5c00000| Complete 
|  63|0x00000000c5d00000, 0x00000000c5e00000, 0x00000000c5e00000|100%| E|CS|TAMS 0x00000000c5d00000, 0x00000000c5d00000| Complete 

Card table byte_map: [0x000002507df10000,0x000002507e110000] _byte_map_base: 0x000002507d901000

Marking Bits (Prev, Next): (CMBitMap*) 0x00000250740eca80, (CMBitMap*) 0x00000250740ecac0
 Prev Bits: [0x000002507e310000, 0x000002507f298000)
 Next Bits: [0x000002500f000000, 0x000002500ff88000)

Polling page: 0x0000025073fd0000

Metaspace:

Usage:
  Non-class:      1.79 MB used.
      Class:    174.35 KB used.
       Both:      1.96 MB used.

Virtual space:
  Non-class space:       64.00 MB reserved,       1.88 MB (  3%) committed,  1 nodes.
      Class space:        1.00 GB reserved,     256.00 KB ( <1%) committed,  1 nodes.
             Both:        1.06 GB reserved,       2.12 MB ( <1%) committed. 

Chunk freelists:
   Non-Class:  11.27 MB
       Class:  15.66 MB
        Both:  26.92 MB

MaxMetaspaceSize: unlimited
CompressedClassSpaceSize: 1.00 GB
Initial GC threshold: 21.00 MB
Current GC threshold: 21.00 MB
CDS: on
MetaspaceReclaimPolicy: balanced
 - commit_granule_bytes: 65536.
 - commit_granule_words: 8192.
 - virtual_space_node_default_size: 8388608.
 - enlarge_chunks_in_place: 1.
 - new_chunks_are_fully_committed: 0.
 - uncommit_free_chunks: 1.
 - use_allocation_guard: 0.
 - handle_deallocations: 1.


Internal statistics:

num_allocs_failed_limit: 0.
num_arena_births: 20.
num_arena_deaths: 0.
num_vsnodes_births: 2.
num_vsnodes_deaths: 0.
num_space_committed: 34.
num_space_uncommitted: 0.
num_chunks_returned_to_freelist: 0.
num_chunks_taken_from_freelist: 67.
num_chunk_merges: 0.
num_chunk_splits: 40.
num_chunks_enlarged: 29.
num_inconsistent_stats: 0.

CodeHeap 'non-profiled nmethods': size=120000Kb used=184Kb max_used=184Kb free=119815Kb
 bounds [0x0000025007ad0000, 0x0000025007d40000, 0x000002500f000000]
CodeHeap 'profiled nmethods': size=120000Kb used=952Kb max_used=952Kb free=119047Kb
 bounds [0x0000025000000000, 0x0000025000270000, 0x0000025007530000]
CodeHeap 'non-nmethods': size=5760Kb used=1122Kb max_used=1140Kb free=4637Kb
 bounds [0x0000025007530000, 0x00000250077a0000, 0x0000025007ad0000]
 total_blobs=989 nmethods=586 adapters=316
 compilation: enabled
              stopped_count=0, restarted_count=0
 full_count=0

Compilation events (20 events):
Event: 1.308 Thread 0x00000250531478e0 nmethod 549 0x00000250000cdf10 code [0x00000250000ce0c0, 0x00000250000ce388]
Event: 1.310 Thread 0x00000250531478e0  551       3       java.lang.StringBuilder::<init> (6 bytes)
Event: 1.310 Thread 0x00000250531478e0 nmethod 551 0x00000250000ce490 code [0x00000250000ce620, 0x00000250000ce768]
Event: 1.311 Thread 0x00000250531478e0  553       3       java.util.regex.Matcher::reset (128 bytes)
Event: 1.312 Thread 0x00000250531478e0 nmethod 553 0x00000250000ce810 code [0x00000250000cea00, 0x00000250000cefb8]
Event: 1.312 Thread 0x00000250531478e0  554       3       java.util.AbstractList::<init> (10 bytes)
Event: 1.312 Thread 0x00000250531478e0 nmethod 554 0x00000250000cf210 code [0x00000250000cf3c0, 0x00000250000cf598]
Event: 1.315 Thread 0x00000250531478e0  556   !   3       java.net.URL::<init> (543 bytes)
Event: 1.325 Thread 0x00000250531478e0 nmethod 556 0x00000250000cf690 code [0x00000250000cfd20, 0x00000250000d34c8]
Event: 1.325 Thread 0x00000250531478e0  555       3       java.net.URL::<init> (8 bytes)
Event: 1.325 Thread 0x00000250531478e0 nmethod 555 0x00000250000d5590 code [0x00000250000d5740, 0x00000250000d5888]
Event: 1.325 Thread 0x00000250531478e0  557       3       java.net.URLStreamHandler::setURL (73 bytes)
Event: 1.328 Thread 0x00000250531478e0 nmethod 557 0x00000250000d5910 code [0x00000250000d5be0, 0x00000250000d6a18]
Event: 1.328 Thread 0x00000250531478e0  559       3       sun.invoke.util.VerifyAccess::isTypeVisible (118 bytes)
Event: 1.332 Thread 0x00000250531478e0 nmethod 559 0x00000250000d6f90 code [0x00000250000d73a0, 0x00000250000d9318]
Event: 1.332 Thread 0x00000250531478e0  560       3       java.util.jar.JarFile::maybeInstantiateVerifier (42 bytes)
Event: 1.332 Thread 0x00000250531478e0 nmethod 560 0x00000250000d9c90 code [0x00000250000d9e60, 0x00000250000da1b8]
Event: 1.333 Thread 0x00000250531478e0  561       3       java.lang.StringUTF16::compress (20 bytes)
Event: 1.333 Thread 0x00000250531478e0 nmethod 561 0x00000250000da310 code [0x00000250000da4c0, 0x00000250000da708]
Event: 1.333 Thread 0x00000250531478e0  562   !   3       jdk.internal.loader.BuiltinClassLoader::loadClassOrNull (143 bytes)

GC Heap History (0 events):
No events

Dll operation events (10 events):
Event: 0.029 Loaded shared library C:\Users\SAFA\AppData\Local\Programs\Eclipse Adoptium\jdk-17.0.15.6-hotspot\bin\java.dll
Event: 0.078 Loaded shared library C:\Users\SAFA\AppData\Local\Programs\Eclipse Adoptium\jdk-17.0.15.6-hotspot\bin\jsvml.dll
Event: 0.381 Loaded shared library C:\Users\SAFA\AppData\Local\Programs\Eclipse Adoptium\jdk-17.0.15.6-hotspot\bin\zip.dll
Event: 0.390 Loaded shared library C:\Users\SAFA\AppData\Local\Programs\Eclipse Adoptium\jdk-17.0.15.6-hotspot\bin\instrument.dll
Event: 0.407 Loaded shared library C:\Users\SAFA\AppData\Local\Programs\Eclipse Adoptium\jdk-17.0.15.6-hotspot\bin\net.dll
Event: 0.414 Loaded shared library C:\Users\SAFA\AppData\Local\Programs\Eclipse Adoptium\jdk-17.0.15.6-hotspot\bin\nio.dll
Event: 0.420 Loaded shared library C:\Users\SAFA\AppData\Local\Programs\Eclipse Adoptium\jdk-17.0.15.6-hotspot\bin\zip.dll
Event: 1.039 Loaded shared library C:\Program Files\JetBrains\IntelliJ IDEA Community Edition 2024.1.4\bin\breakgen64.dll
Event: 1.104 Loaded shared library C:\Users\SAFA\AppData\Local\Programs\Eclipse Adoptium\jdk-17.0.15.6-hotspot\bin\extnet.dll
Event: 1.171 Loaded shared library C:\Users\SAFA\AppData\Local\Programs\Eclipse Adoptium\jdk-17.0.15.6-hotspot\bin\jimage.dll

Deoptimization events (20 events):
Event: 0.810 Thread 0x00000250761c9600 DEOPT PACKING pc=0x0000025000042306 sp=0x000000a8f5ffdd90
Event: 0.810 Thread 0x00000250761c9600 DEOPT UNPACKING pc=0x0000025007587143 sp=0x000000a8f5ffd220 mode 0
Event: 0.919 Thread 0x00000250761c9600 DEOPT PACKING pc=0x00000250000625f4 sp=0x000000a8f5ffdd30
Event: 0.919 Thread 0x00000250761c9600 DEOPT UNPACKING pc=0x0000025007587143 sp=0x000000a8f5ffd1f0 mode 0
Event: 0.960 Thread 0x00000250761c9600 DEOPT PACKING pc=0x000002500004494a sp=0x000000a8f5ffdc80
Event: 0.960 Thread 0x00000250761c9600 DEOPT UNPACKING pc=0x0000025007587143 sp=0x000000a8f5ffd108 mode 0
Event: 0.984 Thread 0x00000250761c9600 Uncommon trap: trap_request=0xffffff45 fr.pc=0x0000025007ae6a30 relative=0x0000000000000190
Event: 0.984 Thread 0x00000250761c9600 Uncommon trap: reason=unstable_if action=reinterpret pc=0x0000025007ae6a30 method=java.util.zip.ZipFile$Source.isMetaName([BII)Z @ 57 c2
Event: 0.984 Thread 0x00000250761c9600 DEOPT PACKING pc=0x0000025007ae6a30 sp=0x000000a8f5ffdca0
Event: 0.985 Thread 0x00000250761c9600 DEOPT UNPACKING pc=0x00000250075869a3 sp=0x000000a8f5ffdc30 mode 2
Event: 0.990 Thread 0x00000250761c9600 Uncommon trap: trap_request=0xffffff45 fr.pc=0x0000025007aef3f0 relative=0x00000000000004b0
Event: 0.990 Thread 0x00000250761c9600 Uncommon trap: reason=unstable_if action=reinterpret pc=0x0000025007aef3f0 method=java.util.jar.Manifest$FastInputStream.readLine([BII)I @ 106 c2
Event: 0.990 Thread 0x00000250761c9600 DEOPT PACKING pc=0x0000025007aef3f0 sp=0x000000a8f5ffe350
Event: 0.990 Thread 0x00000250761c9600 DEOPT UNPACKING pc=0x00000250075869a3 sp=0x000000a8f5ffe2e0 mode 2
Event: 1.041 Thread 0x00000250761c9600 Uncommon trap: trap_request=0xffffff45 fr.pc=0x0000025007ad15f8 relative=0x0000000000000078
Event: 1.042 Thread 0x00000250761c9600 Uncommon trap: reason=unstable_if action=reinterpret pc=0x0000025007ad15f8 method=java.lang.String.isLatin1()Z @ 10 c2
Event: 1.042 Thread 0x00000250761c9600 DEOPT PACKING pc=0x0000025007ad15f8 sp=0x000000a8f5ffeba0
Event: 1.042 Thread 0x00000250761c9600 DEOPT UNPACKING pc=0x00000250075869a3 sp=0x000000a8f5ffeae0 mode 2
Event: 1.187 Thread 0x00000250761c9600 DEOPT PACKING pc=0x0000025000092d06 sp=0x000000a8f5ffd220
Event: 1.187 Thread 0x00000250761c9600 DEOPT UNPACKING pc=0x0000025007587143 sp=0x000000a8f5ffc6b0 mode 0

Classes loaded (20 events):
Event: 1.303 Loading class java/lang/Character$Subset done
Event: 1.303 Loading class java/lang/Character$UnicodeBlock done
Event: 1.320 Loading class java/util/concurrent/locks/ReentrantReadWriteLock
Event: 1.322 Loading class java/util/concurrent/locks/ReentrantReadWriteLock done
Event: 1.323 Loading class java/util/concurrent/locks/ReentrantReadWriteLock$NonfairSync
Event: 1.323 Loading class java/util/concurrent/locks/ReentrantReadWriteLock$Sync
Event: 1.324 Loading class java/util/concurrent/locks/ReentrantReadWriteLock$Sync done
Event: 1.324 Loading class java/util/concurrent/locks/ReentrantReadWriteLock$NonfairSync done
Event: 1.324 Loading class java/util/concurrent/locks/ReentrantReadWriteLock$Sync$ThreadLocalHoldCounter
Event: 1.325 Loading class java/util/concurrent/locks/ReentrantReadWriteLock$Sync$ThreadLocalHoldCounter done
Event: 1.325 Loading class java/util/concurrent/locks/ReentrantReadWriteLock$ReadLock
Event: 1.325 Loading class java/util/concurrent/locks/ReentrantReadWriteLock$ReadLock done
Event: 1.325 Loading class java/util/concurrent/locks/ReentrantReadWriteLock$WriteLock
Event: 1.325 Loading class java/util/concurrent/locks/ReentrantReadWriteLock$WriteLock done
Event: 1.326 Loading class java/util/concurrent/ConcurrentLinkedQueue
Event: 1.326 Loading class java/util/AbstractQueue
Event: 1.327 Loading class java/util/AbstractQueue done
Event: 1.327 Loading class java/util/concurrent/ConcurrentLinkedQueue done
Event: 1.328 Loading class java/util/concurrent/ConcurrentLinkedQueue$Node
Event: 1.328 Loading class java/util/concurrent/ConcurrentLinkedQueue$Node done

Classes unloaded (0 events):
No events

Classes redefined (0 events):
No events

Internal exceptions (5 events):
Event: 1.058 Thread 0x00000250534e0e80 Exception <a 'java/lang/NoSuchMethodError'{0x00000000c54469e8}: 'java.lang.Object java.lang.invoke.DirectMethodHandle$Holder.invokeStaticInit(java.lang.Object)'> (0x00000000c54469e8) 
thrown [s\src\hotspot\share\interpreter\linkResolver.cpp, line 759]
Event: 1.108 Thread 0x00000250534e0e80 Exception <a 'java/lang/NoSuchMethodError'{0x00000000c5455580}: 'void java.lang.invoke.DirectMethodHandle$Holder.invokeStatic(java.lang.Object, java.lang.Object)'> (0x00000000c5455580) 
thrown [s\src\hotspot\share\interpreter\linkResolver.cpp, line 759]
Event: 1.158 Thread 0x00000250761c9600 Exception <a 'java/lang/NoSuchMethodError'{0x00000000c532b048}: 'java.lang.Object java.lang.invoke.DirectMethodHandle$Holder.invokeStaticInit(java.lang.Object, java.lang.Object, java.lang.Object)'> (0x00000000c532b048) 
thrown [s\src\hotspot\share\interpreter\linkResolver.cpp, line 759]
Event: 1.283 Thread 0x00000250761c9600 Exception <a 'java/lang/NoSuchMethodError'{0x00000000c5267918}: 'void java.lang.invoke.DirectMethodHandle$Holder.invokeStatic(java.lang.Object, java.lang.Object, java.lang.Object, java.lang.Object)'> (0x00000000c5267918) 
thrown [s\src\hotspot\share\interpreter\linkResolver.cpp, line 759]
Event: 1.309 Thread 0x00000250761c9600 Exception <a 'java/lang/NoSuchMethodError'{0x00000000c529c6e0}: 'int java.lang.invoke.DirectMethodHandle$Holder.invokeStatic(java.lang.Object, java.lang.Object, int)'> (0x00000000c529c6e0) 
thrown [s\src\hotspot\share\interpreter\linkResolver.cpp, line 759]

VM Operations (10 events):
Event: 0.345 Executing VM operation: HandshakeAllThreads
Event: 0.345 Executing VM operation: HandshakeAllThreads done
Event: 1.049 Executing VM operation: HandshakeAllThreads
Event: 1.049 Executing VM operation: HandshakeAllThreads done
Event: 1.138 Executing VM operation: HandshakeAllThreads
Event: 1.138 Executing VM operation: HandshakeAllThreads done
Event: 1.138 Executing VM operation: Cleanup
Event: 1.138 Executing VM operation: Cleanup done
Event: 1.274 Executing VM operation: HandshakeAllThreads
Event: 1.274 Executing VM operation: HandshakeAllThreads done

Memory protections (0 events):
No events

Nmethod flushes (0 events):
No events

Events (13 events):
Event: 0.079 Thread 0x00000250761c9600 Thread added: 0x00000250761c9600
Event: 0.089 Thread 0x00000250761c9600 Thread added: 0x000002505312a4e0
Event: 0.089 Thread 0x00000250761c9600 Thread added: 0x000002505312bb00
Event: 0.116 Thread 0x00000250761c9600 Thread added: 0x000002505313f290
Event: 0.116 Thread 0x00000250761c9600 Thread added: 0x0000025053141e70
Event: 0.116 Thread 0x00000250761c9600 Thread added: 0x0000025053144fe0
Event: 0.117 Thread 0x00000250761c9600 Thread added: 0x00000250531459a0
Event: 0.117 Thread 0x00000250761c9600 Thread added: 0x0000025053146690
Event: 0.118 Thread 0x00000250761c9600 Thread added: 0x00000250531478e0
Event: 0.119 Thread 0x00000250761c9600 Thread added: 0x000002505314eed0
Event: 0.330 Thread 0x00000250761c9600 Thread added: 0x000002505334f4a0
Event: 1.040 Thread 0x00000250761c9600 Thread added: 0x00000250534e0e80
Event: 1.040 Thread 0x00000250761c9600 Thread added: 0x0000025053891330


Dynamic libraries:
0x00007ff7c99f0000 - 0x00007ff7c99fe000 	C:\Users\SAFA\AppData\Local\Programs\Eclipse Adoptium\jdk-17.0.15.6-hotspot\bin\java.exe
0x00007ffdf0930000 - 0x00007ffdf0b28000 	C:\Windows\SYSTEM32\ntdll.dll
0x00007ffdeea30000 - 0x00007ffdeeaf2000 	C:\Windows\System32\KERNEL32.DLL
0x00007ffdee3d0000 - 0x00007ffdee6c6000 	C:\Windows\System32\KERNELBASE.dll
0x00007ffdee170000 - 0x00007ffdee270000 	C:\Windows\System32\ucrtbase.dll
0x00007ffde8d40000 - 0x00007ffde8d5e000 	C:\Users\SAFA\AppData\Local\Programs\Eclipse Adoptium\jdk-17.0.15.6-hotspot\bin\VCRUNTIME140.dll
0x00007ffde8d20000 - 0x00007ffde8d37000 	C:\Users\SAFA\AppData\Local\Programs\Eclipse Adoptium\jdk-17.0.15.6-hotspot\bin\jli.dll
0x00007ffdef6d0000 - 0x00007ffdef871000 	C:\Windows\System32\USER32.dll
0x00007ffdee3a0000 - 0x00007ffdee3c2000 	C:\Windows\System32\win32u.dll
0x00007ffdef890000 - 0x00007ffdef8bb000 	C:\Windows\System32\GDI32.dll
0x00007ffdee830000 - 0x00007ffdee949000 	C:\Windows\System32\gdi32full.dll
0x00007ffdedfc0000 - 0x00007ffdee05d000 	C:\Windows\System32\msvcp_win.dll
0x00007ffddca80000 - 0x00007ffddcd1b000 	C:\Windows\WinSxS\amd64_microsoft.windows.common-controls_6595b64144ccf1df_6.0.19041.6456_none_60b8a6cb71f64256\COMCTL32.dll
0x00007ffdf0850000 - 0x00007ffdf08ee000 	C:\Windows\System32\msvcrt.dll
0x00007ffdef4f0000 - 0x00007ffdef51f000 	C:\Windows\System32\IMM32.DLL
0x00007ffde8af0000 - 0x00007ffde8afc000 	C:\Users\SAFA\AppData\Local\Programs\Eclipse Adoptium\jdk-17.0.15.6-hotspot\bin\vcruntime140_1.dll
0x00007ffdd5740000 - 0x00007ffdd57cd000 	C:\Users\SAFA\AppData\Local\Programs\Eclipse Adoptium\jdk-17.0.15.6-hotspot\bin\msvcp140.dll
0x00007ffd9d4a0000 - 0x00007ffd9e10b000 	C:\Users\SAFA\AppData\Local\Programs\Eclipse Adoptium\jdk-17.0.15.6-hotspot\bin\server\jvm.dll
0x00007ffdeec90000 - 0x00007ffdeed41000 	C:\Windows\System32\ADVAPI32.dll
0x00007ffdf0750000 - 0x00007ffdf07ef000 	C:\Windows\System32\sechost.dll
0x00007ffdeeb60000 - 0x00007ffdeec80000 	C:\Windows\System32\RPCRT4.dll
0x00007ffdee370000 - 0x00007ffdee397000 	C:\Windows\System32\bcrypt.dll
0x00007ffdefd30000 - 0x00007ffdefd9b000 	C:\Windows\System32\WS2_32.dll
0x00007ffdede20000 - 0x00007ffdede6b000 	C:\Windows\SYSTEM32\POWRPROF.dll
0x00007ffddde90000 - 0x00007ffdddeb7000 	C:\Windows\SYSTEM32\WINMM.dll
0x00007ffde7d20000 - 0x00007ffde7d2a000 	C:\Windows\SYSTEM32\VERSION.dll
0x00007ffdede00000 - 0x00007ffdede12000 	C:\Windows\SYSTEM32\UMPDC.dll
0x00007ffdec7d0000 - 0x00007ffdec7e2000 	C:\Windows\SYSTEM32\kernel.appcore.dll
0x00007ffde8ae0000 - 0x00007ffde8aea000 	C:\Users\SAFA\AppData\Local\Programs\Eclipse Adoptium\jdk-17.0.15.6-hotspot\bin\jimage.dll
0x00007ffdebd00000 - 0x00007ffdebf01000 	C:\Windows\SYSTEM32\DBGHELP.DLL
0x00007ffddd2d0000 - 0x00007ffddd304000 	C:\Windows\SYSTEM32\dbgcore.DLL
0x00007ffdee060000 - 0x00007ffdee0e2000 	C:\Windows\System32\bcryptPrimitives.dll
0x00007ffde78e0000 - 0x00007ffde78ee000 	C:\Users\SAFA\AppData\Local\Programs\Eclipse Adoptium\jdk-17.0.15.6-hotspot\bin\instrument.dll
0x00007ffde8390000 - 0x00007ffde83b5000 	C:\Users\SAFA\AppData\Local\Programs\Eclipse Adoptium\jdk-17.0.15.6-hotspot\bin\java.dll
0x00007ffdc94e0000 - 0x00007ffdc95b7000 	C:\Users\SAFA\AppData\Local\Programs\Eclipse Adoptium\jdk-17.0.15.6-hotspot\bin\jsvml.dll
0x00007ffdeff80000 - 0x00007ffdf06f0000 	C:\Windows\System32\SHELL32.dll
0x00007ffdebf10000 - 0x00007ffdec6b5000 	C:\Windows\SYSTEM32\windows.storage.dll
0x00007ffdeed50000 - 0x00007ffdef0a4000 	C:\Windows\System32\combase.dll
0x00007ffded910000 - 0x00007ffded93b000 	C:\Windows\SYSTEM32\Wldp.dll
0x00007ffdee960000 - 0x00007ffdeea2d000 	C:\Windows\System32\OLEAUT32.dll
0x00007ffdef0b0000 - 0x00007ffdef15d000 	C:\Windows\System32\SHCORE.dll
0x00007ffdf07f0000 - 0x00007ffdf084b000 	C:\Windows\System32\shlwapi.dll
0x00007ffdedef0000 - 0x00007ffdedf14000 	C:\Windows\SYSTEM32\profapi.dll
0x00007ffde8350000 - 0x00007ffde8368000 	C:\Users\SAFA\AppData\Local\Programs\Eclipse Adoptium\jdk-17.0.15.6-hotspot\bin\zip.dll
0x00007ffde8ac0000 - 0x00007ffde8ad9000 	C:\Users\SAFA\AppData\Local\Programs\Eclipse Adoptium\jdk-17.0.15.6-hotspot\bin\net.dll
0x00007ffde4ee0000 - 0x00007ffde4fea000 	C:\Windows\SYSTEM32\WINHTTP.dll
0x00007ffded670000 - 0x00007ffded6da000 	C:\Windows\system32\mswsock.dll
0x00007ffde8370000 - 0x00007ffde8386000 	C:\Users\SAFA\AppData\Local\Programs\Eclipse Adoptium\jdk-17.0.15.6-hotspot\bin\nio.dll
0x00007ffde78c0000 - 0x00007ffde78da000 	C:\Program Files\JetBrains\IntelliJ IDEA Community Edition 2024.1.4\bin\breakgen64.dll
0x00007ffde8050000 - 0x00007ffde8059000 	C:\Users\SAFA\AppData\Local\Programs\Eclipse Adoptium\jdk-17.0.15.6-hotspot\bin\extnet.dll

dbghelp: loaded successfully - version: 4.0.5 - missing functions: none
symbol engine: initialized successfully - sym options: 0x614 - pdb path: .;C:\Users\SAFA\AppData\Local\Programs\Eclipse Adoptium\jdk-17.0.15.6-hotspot\bin;C:\Windows\SYSTEM32;C:\Windows\WinSxS\amd64_microsoft.windows.common-controls_6595b64144ccf1df_6.0.19041.6456_none_60b8a6cb71f64256;C:\Users\SAFA\AppData\Local\Programs\Eclipse Adoptium\jdk-17.0.15.6-hotspot\bin\server;C:\Program Files\JetBrains\IntelliJ IDEA Community Edition 2024.1.4\bin

VM Arguments:
jvm_args: -javaagent:C:\Program Files\JetBrains\IntelliJ IDEA Community Edition 2024.1.4\lib\idea_rt.jar=63248:C:\Program Files\JetBrains\IntelliJ IDEA Community Edition 2024.1.4\bin -Dfile.encoding=UTF-8 
java_command: com.example.PFE.PfeApplication
java_class_path (initial): C:\Users\SAFA\Desktop\PFE-CETTEX\PFE-back-end\PFE\target\classes;C:\Users\SAFA\.m2\repository\org\springframework\boot\spring-boot-starter-validation\4.0.2\spring-boot-starter-validation-4.0.2.jar;C:\Users\SAFA\.m2\repository\org\springframework\boot\spring-boot-starter\4.0.2\spring-boot-starter-4.0.2.jar;C:\Users\SAFA\.m2\repository\org\springframework\boot\spring-boot-starter-logging\4.0.2\spring-boot-starter-logging-4.0.2.jar;C:\Users\SAFA\.m2\repository\ch\qos\logback\logback-classic\1.5.25\logback-classic-1.5.25.jar;C:\Users\SAFA\.m2\repository\ch\qos\logback\logback-core\1.5.25\logback-core-1.5.25.jar;C:\Users\SAFA\.m2\repository\org\apache\logging\log4j\log4j-to-slf4j\2.25.3\log4j-to-slf4j-2.25.3.jar;C:\Users\SAFA\.m2\repository\org\slf4j\jul-to-slf4j\2.0.17\jul-to-slf4j-2.0.17.jar;C:\Users\SAFA\.m2\repository\org\springframework\boot\spring-boot-autoconfigure\4.0.2\spring-boot-autoconfigure-4.0.2.jar;C:\Users\SAFA\.m2\repository\jakarta\annotation\jakarta.annotation-api\3.0.0\jakarta.annotation-api-3.0.0.jar;C:\Users\SAFA\.m2\repository\org\yaml\snakeyaml\2.5\snakeyaml-2.5.jar;C:\Users\SAFA\.m2\repository\org\springframework\boot\spring-boot-validation\4.0.2\spring-boot-validation-4.0.2.jar;C:\Users\SAFA\.m2\repository\org\springframework\boot\spring-boot\4.0.2\spring-boot-4.0.2.jar;C:\Users\SAFA\.m2\repository\org\apache\tomcat\embed\tomcat-embed-el\11.0.15\tomcat-embed-el-11.0.15.jar;C:\Users\SAFA\.m2\repository\org\hibernate\validator\hibernate-validator\9.0.1.Final\hibernate-validator-9.0.1.Final.jar;C:\Users\SAFA\.m2\repository\jakarta\validation\jakarta.validation-api\3.1.1\jakarta.validation-api-3.1.1.jar;C:\Users\SAFA\.m2\repository\org\jboss\logging\jboss-logging\3.6.1.Final\jboss-logging-3.6.1.Final.jar;C:\Users\SAFA\.m2\repository\com\fasterxml\classmate\1.7.3\classmate-1.7.3.jar;C:\Users\SAFA\.m2\repository\com\github\librepdf\openpdf\1.3.39\openpdf-1.3.39.jar;C:\Users\SAFA\.m2\repository\org\apache\pdfbox\pdfbox\2.0.
Launcher Type: SUN_STANDARD

[Global flags]
     intx CICompilerCount                          = 3                                         {product} {ergonomic}
     uint ConcGCThreads                            = 1                                         {product} {ergonomic}
     uint G1ConcRefinementThreads                  = 4                                         {product} {ergonomic}
   size_t G1HeapRegionSize                         = 1048576                                   {product} {ergonomic}
    uintx GCDrainStackTargetSize                   = 64                                        {product} {ergonomic}
   size_t InitialHeapSize                          = 67108864                                  {product} {ergonomic}
   size_t MarkStackSize                            = 4194304                                   {product} {ergonomic}
   size_t MaxHeapSize                              = 1042284544                                {product} {ergonomic}
   size_t MaxNewSize                               = 624951296                                 {product} {ergonomic}
   size_t MinHeapDeltaBytes                        = 1048576                                   {product} {ergonomic}
   size_t MinHeapSize                              = 8388608                                   {product} {ergonomic}
    uintx NonNMethodCodeHeapSize                   = 5832780                                {pd product} {ergonomic}
    uintx NonProfiledCodeHeapSize                  = 122912730                              {pd product} {ergonomic}
    uintx ProfiledCodeHeapSize                     = 122912730                              {pd product} {ergonomic}
    uintx ReservedCodeCacheSize                    = 251658240                              {pd product} {ergonomic}
     bool SegmentedCodeCache                       = true                                      {product} {ergonomic}
   size_t SoftMaxHeapSize                          = 1042284544                             {manageable} {ergonomic}
     bool UseCompressedClassPointers               = true                           {product lp64_product} {ergonomic}
     bool UseCompressedOops                        = true                           {product lp64_product} {ergonomic}
     bool UseG1GC                                  = true                                      {product} {ergonomic}
     bool UseLargePagesIndividualAllocation        = false                                  {pd product} {ergonomic}

Logging:
Log output configuration:
 #0: stdout all=warning uptime,level,tags
 #1: stderr all=off uptime,level,tags

Environment Variables:
JAVA_HOME=C:\Users\SAFA\AppData\Local\Programs\Eclipse Adoptium\jdk-21.0.10.7-hotspot\
PATH=C:\Python313\Scripts\;C:\Python313\;"C:\xampp\php;C:\Program Files\Common Files\Oracle\Java\javapath";C:\app\SAFA\product\18.0.0\dbhomeXE\bin;C:\Windows\system32;C:\Windows;C:\Windows\System32\Wbem;C:\Windows\System32\WindowsPowerShell\v1.0\;C:\Windows\System32\OpenSSH\;C:\Program Files\PuTTY\;C:\Users\SAFA\AppData\Local\nvm;C:\Users\SAFA\AppData\Roaming\nodejs;C:\Program Files\nodejs\;C:\ProgramData\chocolatey\bin;C:\Users\SAFA\AppData\Local\Programs\Eclipse Adoptium\jdk-17.0.15.6-hotspot\\bin;C:\Users\SAFA\AppData\Local\Programs\Eclipse Adoptium\jdk-17.0.15.6-hotspot\;C:\Program Files\apache-maven-3.9.10\bin;%MAVEN_HOME%\bin;C:\Program Files\MySQL\MySQL Server 8.0\bin;C:\Program Files\Git\cmd;C:\flutter\bin;C:\Users\SAFA\AppData\Local\Programs\Eclipse Adoptium\jdk-21.0.10.7-hotspot\;C:\Users\SAFA\AppData\Local\Programs\Eclipse Adoptium\jdk-21.0.10.7-hotspot\bin;C:\Program Files\MySQL\MySQL Shell 8.0\bin\;C:\Users\SAFA\AppData\Local\Programs\Eclipse Adoptium\jdk-17.0.15.6-hotspot\bin;C:\Users\SAFA\AppData\Local\Microsoft\WindowsApps;C:\Program Files\OpenSSL-Win64\bin;C:\Users\SAFA\AppData\Local\Programs\Microsoft VS Code\bin;C:\xampp\php;C:\Users\SAFA\AppData\Local\nvm;C:\Users\SAFA\AppData\Roaming\nodejs;C:\nvm4w;C:\Users\SAFA\AppData\Roaming\npm;C:\Program Files\JetBrains\IntelliJ IDEA Community Edition 2024.1.4\bin;;C:\flutter\bin
USERNAME=SAFA
OS=Windows_NT
PROCESSOR_IDENTIFIER=Intel64 Family 6 Model 142 Stepping 9, GenuineIntel
TMP=C:\Users\SAFA\AppData\Local\Temp
TEMP=C:\Users\SAFA\AppData\Local\Temp



Periodic native trim disabled


---------------  S Y S T E M  ---------------

OS:
 Windows 10 , 64 bit Build 19041 (10.0.19041.5915)
OS uptime: 7 days 6:16 hours

CPU: total 4 (initial active 4) (2 cores per cpu, 2 threads per core) family 6 model 142 stepping 9 microcode 0xb4, cx8, cmov, fxsr, ht, mmx, 3dnowpref, sse, sse2, sse3, ssse3, sse4.1, sse4.2, popcnt, lzcnt, tsc, tscinvbit, avx, avx2, aes, erms, clmul, bmi1, bmi2, adx, fma, vzeroupper, clflush, clflushopt
Processor Information for all 4 processors :
  Max Mhz: 2304, Current Mhz: 2304, Mhz Limit: 2304

Memory: 4k page, system-wide physical 3975M (70M free)
TotalPageFile size 16263M (AvailPageFile size 0M)
current process WorkingSet (physical memory assigned to process): 55M, peak: 55M
current process commit charge ("private bytes"): 146M, peak: 146M

vm_info: OpenJDK 64-Bit Server VM (17.0.15+6) for windows-amd64 JRE (17.0.15+6), built on Apr 15 2025 21:25:47 by "admin" with MS VC++ 17.7 (VS2022)

END.
